BioDataset(88000)
species splitting
Data(center_node_idx=[1], edge_attr=[1328, 9], edge_index=[2, 1328], go_target_downstream=[40], go_target_pretrain=[5000], species_id=[1], x=[96, 1])
====epoch 1
====Evaluation
[0.7262006  0.64791335 0.70588118 0.82373958 0.74433767 0.70568344
 0.99024721 0.81364827 0.81803791 0.8081153  0.48302244 0.67902078
 0.83516937 0.82593112 0.70706234 0.7400022  0.7346734  0.7124541
 0.90413965 0.74106699 0.85645603 0.82096816 0.75865699 0.80111734
 0.84175584 0.80329103 0.82956563 0.83253108 0.80737341 0.85578327
 0.81018874 0.88120422 0.7776603  0.63012553 0.89461522 0.83235746
 0.68830362 0.73407228 0.82112037 0.7330103 ]
[0.70071281 0.61487979 0.68130252 0.79388576 0.7224135  0.67923266
 0.97616515 0.70101996 0.80761185 0.81006718 0.49754093 0.70131303
 0.82379263 0.77562355 0.69959296 0.84461435 0.73101136 0.66832627
 0.84076423 0.69908753 0.83283193 0.94472155 0.61599355 0.76492801
 0.76719096 0.77388433 0.91676748 0.7548393  0.74310147 0.81516439
 0.76853354 0.85488409 0.78473317 0.62094374 0.89004234 0.64224973
 0.66604609 0.63255933 0.70682419 0.68357507]

====epoch 2
====Evaluation
[0.72563868 0.64522151 0.68350322 0.85140099 0.73433767 0.69136493
 0.98352381 0.8499901  0.8295423  0.80578269 0.62049286 0.67917189
 0.83340563 0.79875294 0.7135418  0.78302804 0.70972015 0.72054937
 0.90341955 0.72272513 0.8475797  0.82711517 0.81684815 0.78700447
 0.85219048 0.85270788 0.77321904 0.81312773 0.81964784 0.84396968
 0.82765022 0.90699739 0.78779046 0.72230535 0.87045648 0.87750661
 0.72730328 0.71601454 0.85357462 0.72207955]
[0.69662812 0.63207944 0.65558194 0.80661165 0.71034513 0.64535692
 0.96450759 0.72342703 0.77585966 0.79630286 0.61107002 0.71038172
 0.82990487 0.73805286 0.6994123  0.83448273 0.68202488 0.72595195
 0.79349783 0.69698878 0.85694287 0.94868765 0.57815397 0.75005985
 0.75628347 0.80324049 0.7278834  0.76594906 0.71600044 0.83259583
 0.73584194 0.85148149 0.77933596 0.61528736 0.85737104 0.62632147
 0.66469375 0.62991909 0.61694906 0.66033386]

====epoch 3
====Evaluation
[0.70870648 0.63456023 0.70178088 0.84112032 0.75166834 0.67425548
 0.99574873 0.84613052 0.83925316 0.81671812 0.61087035 0.67236668
 0.82170493 0.78194428 0.70752505 0.7991845  0.70691674 0.70864605
 0.89509897 0.72603654 0.85870876 0.82490253 0.77624924 0.78930735
 0.806729   0.85045682 0.82107443 0.80618109 0.79328233 0.86011417
 0.81282424 0.91407167 0.79308653 0.7022543  0.88497655 0.79199268
 0.73191102 0.67791641 0.79222772 0.69409651]
[0.68526403 0.62338951 0.67398697 0.80540405 0.72825327 0.65538455
 0.97778021 0.74176341 0.8128548  0.81094788 0.60701195 0.69291688
 0.78853171 0.71919121 0.679724   0.84797074 0.67514911 0.72190592
 0.838646   0.71752127 0.85689244 0.9477046  0.61915357 0.77635206
 0.7569607  0.76736222 0.83224241 0.76422377 0.73977362 0.85966781
 0.73756368 0.86709647 0.78199818 0.67551119 0.90193989 0.6354608
 0.69446331 0.63214671 0.5396739  0.60603859]

====epoch 4
====Evaluation
[0.70464406 0.6192081  0.69141861 0.82467753 0.75806139 0.66950018
 0.97205471 0.84832169 0.81423711 0.77593056 0.26212393 0.69353387
 0.81486167 0.77655566 0.6989127  0.78347269 0.71092895 0.730415
 0.87969156 0.71128867 0.84276823 0.83646376 0.75434967 0.77045229
 0.81352727 0.83342514 0.70340556 0.77336953 0.79019308 0.83937114
 0.81430303 0.89164744 0.78051313 0.65742136 0.8662043  0.79657841
 0.72636141 0.70369473 0.87290768 0.71083788]
[0.66539781 0.60685504 0.67240736 0.80549503 0.7323157  0.64671578
 0.943932   0.72670094 0.79301163 0.75877466 0.25578961 0.71732786
 0.79876029 0.71218497 0.69343023 0.81641916 0.67600672 0.76289522
 0.81013263 0.70118236 0.85716199 0.9543632  0.50381701 0.73975069
 0.67965295 0.73269991 0.55115438 0.72972711 0.69190265 0.84265024
 0.78150346 0.84060935 0.77763493 0.66881428 0.86900285 0.58046342
 0.70895088 0.62468447 0.57717153 0.608604  ]

====epoch 5
====Evaluation
[0.70780123 0.61147128 0.69464619 0.83227812 0.76194995 0.68101072
 0.96137183 0.83989696 0.77978578 0.77883027 0.22868294 0.6754916
 0.81860475 0.77430461 0.70307418 0.76668134 0.67721954 0.76287677
 0.88399757 0.70191961 0.84964071 0.83194599 0.76307925 0.77641251
 0.80306147 0.875112   0.7927763  0.76637002 0.82655252 0.88574022
 0.79286234 0.881012   0.79017179 0.70015843 0.87425721 0.7044061
 0.75702103 0.69157682 0.87392129 0.70473249]
[0.68237396 0.61856396 0.67276571 0.79972079 0.73957006 0.63184995
 0.95620886 0.7333897  0.76921944 0.74504476 0.22484744 0.70238202
 0.80396362 0.74145996 0.67512637 0.76030788 0.66159439 0.73776701
 0.78748837 0.67522841 0.84310582 0.95198547 0.5538815  0.74702984
 0.74381969 0.75742891 0.79054338 0.69591874 0.71354234 0.84036318
 0.74978656 0.80512758 0.79069739 0.6545735  0.90190234 0.54930799
 0.69120376 0.60456985 0.60783806 0.63036068]

====epoch 6
====Evaluation
[0.70798605 0.63986569 0.70217482 0.8287968  0.75178045 0.68222353
 0.98433435 0.85182268 0.78205779 0.80880885 0.23495321 0.6997663
 0.81818654 0.81140865 0.72103777 0.75801062 0.75355226 0.71559638
 0.89068367 0.73169955 0.85840274 0.82727881 0.80557774 0.79475274
 0.83869957 0.8923273  0.83078118 0.82751855 0.81729447 0.8765394
 0.8250632  0.89829934 0.8009973  0.68244529 0.85818807 0.82144153
 0.77367767 0.72313749 0.87434906 0.69788411]
[0.6823369  0.61232619 0.67743068 0.80037792 0.72986199 0.6673678
 0.95922769 0.70411411 0.77364109 0.79368453 0.23826116 0.70365617
 0.81384699 0.77539035 0.71803508 0.80469014 0.74144648 0.77498486
 0.81094199 0.73189676 0.8366629  0.94616465 0.60404676 0.78380979
 0.76547097 0.78813712 0.89959504 0.74792602 0.74130249 0.83267428
 0.75635334 0.83878096 0.78178593 0.67777374 0.83285385 0.61722249
 0.72345816 0.61364347 0.66535399 0.66760851]

====epoch 7
====Evaluation
[0.71216085 0.61443568 0.677536   0.8105685  0.73815015 0.69718637
 0.99658967 0.84296076 0.79663603 0.78678623 0.07057673 0.69071906
 0.83084314 0.81455012 0.69685178 0.79282872 0.73148796 0.7176492
 0.89548755 0.71247584 0.85806538 0.84206295 0.77788566 0.78932846
 0.80346667 0.8540923  0.81902413 0.79515787 0.79373163 0.86160022
 0.81661299 0.87814384 0.77097353 0.68319893 0.85180838 0.83860131
 0.76254719 0.71571573 0.86768152 0.74941652]
[0.68703132 0.60660331 0.65971255 0.79377223 0.72372073 0.65031264
 0.97505039 0.73791057 0.79146973 0.7754524  0.06983944 0.7053175
 0.79820096 0.75823139 0.68045217 0.84020036 0.71673337 0.73295377
 0.8600522  0.70092149 0.85245631 0.956523   0.61465538 0.73392524
 0.7471924  0.74347789 0.78936544 0.74490297 0.68792063 0.84781671
 0.7515083  0.8148559  0.78208308 0.70009074 0.84526265 0.69925957
 0.73122802 0.59688781 0.69991537 0.63261215]

====epoch 8
====Evaluation
[0.70972617 0.5956531  0.68507419 0.81500783 0.72299032 0.62791382
 0.99533333 0.85367272 0.7410226  0.78762376 0.42559102 0.69788344
 0.76613538 0.73929932 0.69321323 0.75878532 0.70175275 0.68340193
 0.87542198 0.7015948  0.83924536 0.85984234 0.77384755 0.75525132
 0.75679654 0.84374036 0.70426805 0.76696083 0.81053066 0.86766236
 0.8109368  0.88290387 0.7874285  0.65372471 0.83312641 0.77241481
 0.74272103 0.68546739 0.87512089 0.71046638]
[0.6655295  0.58681485 0.65350627 0.80216696 0.70630152 0.57889196
 0.97017608 0.74295551 0.73585047 0.7780601  0.42932471 0.70864943
 0.75280158 0.69395261 0.69195545 0.74882122 0.66467337 0.73828791
 0.79076626 0.65040229 0.85205286 0.95764649 0.56275695 0.72690961
 0.73764834 0.76767878 0.6704955  0.71260764 0.67154652 0.82828651
 0.74948775 0.83730207 0.71991207 0.66859649 0.82188784 0.66904229
 0.72324742 0.61442287 0.59984973 0.59292   ]

====epoch 9
====Evaluation
[0.7207882  0.61236718 0.67658342 0.83020901 0.72651585 0.63452819
 0.85328267 0.84504424 0.70619369 0.81009967 0.37452911 0.69882487
 0.77606974 0.74547447 0.72164297 0.76078396 0.69305171 0.68167191
 0.87250273 0.72007146 0.82364403 0.85455619 0.76340593 0.73624117
 0.68903896 0.85255365 0.46747266 0.76599066 0.79722162 0.86044357
 0.80448658 0.8934685  0.77630056 0.62791414 0.84697776 0.76000484
 0.70410436 0.66099738 0.8549695  0.72636382]
[0.69105051 0.59880059 0.65740181 0.80413031 0.71468356 0.57899632
 0.71447116 0.74198355 0.75648138 0.80971793 0.36103297 0.69842536
 0.79428126 0.6876854  0.68830721 0.72687613 0.69843286 0.72303654
 0.81545668 0.66657644 0.82822537 0.95689104 0.56584442 0.68818655
 0.67569271 0.75486829 0.19226508 0.70449363 0.66251202 0.83192697
 0.75838812 0.86406937 0.71432686 0.70624924 0.87187108 0.55539079
 0.71908429 0.60521845 0.62514465 0.59658423]

====epoch 10
====Evaluation
[0.70274109 0.60647957 0.6803545  0.82515362 0.72369636 0.63250735
 0.99308815 0.85645011 0.64457797 0.7971429  0.23567032 0.69084723
 0.76066882 0.80121097 0.7010735  0.73044447 0.67816795 0.6865896
 0.87728962 0.71867803 0.83887666 0.84564159 0.83361162 0.74680146
 0.7719342  0.85754785 0.59822762 0.76365853 0.81295689 0.85521617
 0.7998026  0.90406853 0.7747265  0.67999736 0.84472893 0.70073579
 0.69228214 0.66973551 0.90513874 0.7087341 ]
[0.66794187 0.60550552 0.66125273 0.81143288 0.71550247 0.57977944
 0.9695082  0.73426341 0.69061123 0.7973678  0.23934213 0.69150853
 0.76023077 0.76716839 0.69137291 0.70966818 0.68322695 0.70749445
 0.76541318 0.68118731 0.83791496 0.96103148 0.62166062 0.7222811
 0.73036248 0.79165335 0.33191768 0.71679806 0.69407083 0.84610043
 0.75864424 0.86346857 0.73143117 0.62941319 0.85611457 0.64599221
 0.71624015 0.63017799 0.65435169 0.60611483]

====epoch 11
====Evaluation
[0.71321213 0.6033945  0.67354683 0.81848114 0.7054688  0.6695234
 0.98635056 0.84805682 0.64689122 0.8179496  0.2694714  0.682137
 0.78904844 0.68711278 0.73600694 0.77723151 0.73504022 0.68653412
 0.880119   0.74486236 0.83535378 0.83866217 0.83355717 0.77762566
 0.80066494 0.84857298 0.76041541 0.7781675  0.84580449 0.87289725
 0.82642771 0.90759935 0.74219044 0.65014358 0.88575532 0.86999326
 0.76944121 0.70536644 0.87270309 0.74596406]
[0.66520503 0.5988743  0.65948617 0.79193005 0.71117375 0.62361265
 0.97283546 0.72219607 0.75242907 0.79464875 0.27655454 0.68424308
 0.79064341 0.66486281 0.70536304 0.7778096  0.70590771 0.72946497
 0.78535622 0.71959061 0.81345796 0.96055206 0.58594921 0.70901434
 0.73491026 0.75835641 0.60271626 0.71587326 0.70402216 0.80736565
 0.7622798  0.86537206 0.6945664  0.63523896 0.86449397 0.62652322
 0.71498787 0.62028587 0.67470681 0.68206363]

====epoch 12
====Evaluation
[0.6714487  0.60165763 0.66578081 0.81978034 0.72687955 0.6277033
 0.96937791 0.82617709 0.66639107 0.77651323 0.14043808 0.67039205
 0.77824649 0.77123031 0.68967751 0.75337844 0.66991736 0.66567809
 0.86454402 0.71208445 0.83915318 0.81307095 0.77332728 0.76204466
 0.72804848 0.82041819 0.62116673 0.73300497 0.81197086 0.82326783
 0.7732987  0.907483   0.78249677 0.68260482 0.83465573 0.74496088
 0.72155045 0.65353927 0.88786081 0.70032304]
[0.64297857 0.61331726 0.63916059 0.80768163 0.70349598 0.57217443
 0.93877353 0.72742383 0.74189149 0.7558243  0.13803785 0.67030145
 0.75425617 0.70783307 0.70956984 0.78108888 0.66270663 0.73709671
 0.80167992 0.68331058 0.8344057  0.95726877 0.58748892 0.73014329
 0.77894387 0.73746317 0.41971551 0.69510916 0.67004366 0.81217513
 0.7573565  0.86192614 0.73487568 0.69602541 0.83458692 0.56454021
 0.65481201 0.60558522 0.67929254 0.59031422]

====epoch 13
====Evaluation
[0.69947944 0.59457495 0.65553624 0.79605265 0.7029623  0.66557304
 0.96182168 0.83622308 0.71943953 0.76386481 0.16326895 0.69963498
 0.76642631 0.75982823 0.71827618 0.74679805 0.64560463 0.6877648
 0.851983   0.68767357 0.80884923 0.82329463 0.78581367 0.73808851
 0.73384242 0.86238414 0.58158819 0.7430207  0.80676381 0.83376006
 0.78755671 0.88850866 0.7480866  0.64717305 0.87479896 0.6983177
 0.7341973  0.70045629 0.86537532 0.74896023]
[0.66139698 0.60041526 0.65003239 0.77105792 0.69705021 0.64245769
 0.9222708  0.71234689 0.74982567 0.75088779 0.16179947 0.67749594
 0.77267484 0.74667092 0.71122528 0.75155701 0.6440437  0.74637593
 0.79242544 0.64362743 0.78968611 0.96010169 0.61168884 0.70859637
 0.69446911 0.78680578 0.36397672 0.70477259 0.63028417 0.79203493
 0.72592419 0.84961844 0.69339297 0.65556564 0.86202434 0.64056006
 0.67352941 0.61418285 0.64617338 0.62407273]

====epoch 14
====Evaluation
[0.68547929 0.59580665 0.67220968 0.81723588 0.71915582 0.63134097
 0.96728875 0.85126674 0.6865007  0.8145752  0.11090688 0.6910632
 0.75932848 0.72821981 0.6993901  0.68412729 0.66933007 0.70806601
 0.86289496 0.68648802 0.83491688 0.82044167 0.79406534 0.7821892
 0.78726926 0.88234992 0.73127244 0.76963501 0.83177656 0.86798802
 0.79565368 0.88934331 0.77801035 0.66358796 0.84268889 0.7885469
 0.71594613 0.70481324 0.8761531  0.74885524]
[0.66319113 0.60158479 0.64078647 0.78938296 0.70088516 0.57209726
 0.92232908 0.75536335 0.70530701 0.78438701 0.11687887 0.66122967
 0.7687169  0.68138132 0.6975633  0.69954391 0.66266602 0.75588532
 0.78770082 0.67628563 0.8101139  0.95800969 0.54923821 0.70204021
 0.71160177 0.7932702  0.67525182 0.68787447 0.6793718  0.83339806
 0.74335496 0.85452881 0.73151001 0.62621295 0.84091264 0.6537445
 0.70696786 0.6478425  0.71346529 0.62404582]

====epoch 15
====Evaluation
[0.69615668 0.60377337 0.67501603 0.81206821 0.72733133 0.65131026
 0.98043972 0.83571894 0.65538687 0.79801738 0.45113627 0.67416964
 0.74563026 0.7535406  0.69754365 0.71001339 0.67858419 0.66640439
 0.87669702 0.69264637 0.83022339 0.81589544 0.79227465 0.75979375
 0.71485714 0.84710226 0.773963   0.7948407  0.80898118 0.87737601
 0.78939567 0.88939136 0.77442408 0.63660018 0.85658821 0.81260687
 0.6759577  0.71064002 0.8549881  0.73479507]
[0.66789393 0.60148775 0.65270499 0.79588467 0.71304816 0.58801807
 0.95016393 0.72322441 0.71205054 0.76551966 0.45753811 0.68814267
 0.76370912 0.70060392 0.70054051 0.76565828 0.66912704 0.73461135
 0.81109374 0.6724863  0.82192331 0.95844552 0.62652963 0.69614719
 0.67584071 0.76068183 0.74177671 0.71086416 0.67984012 0.82622503
 0.77551296 0.8508518  0.74608854 0.61572898 0.86305841 0.62359279
 0.67352032 0.61203614 0.611707   0.59824816]

====epoch 16
====Evaluation
[0.70583474 0.60370492 0.67654896 0.80069029 0.72784117 0.64240802
 0.82969605 0.84018337 0.63912687 0.77005527 0.49063388 0.69547527
 0.79321622 0.77983148 0.7189372  0.69545217 0.70366858 0.69054392
 0.83562356 0.67427365 0.83143271 0.8365349  0.83472474 0.76889972
 0.71544242 0.85131612 0.62279082 0.80441799 0.81133212 0.8320962
 0.81931775 0.86465795 0.77843423 0.66593137 0.85712432 0.69398242
 0.71690754 0.6767131  0.87350283 0.76003634]
[0.66880161 0.59349866 0.64719154 0.77986856 0.70847922 0.57863457
 0.78363084 0.69917657 0.67456468 0.75286432 0.48664079 0.68894943
 0.80929804 0.71485303 0.72165566 0.73915598 0.69587407 0.77168181
 0.77430092 0.70483851 0.81841405 0.95528329 0.56554615 0.66333743
 0.70193213 0.79057792 0.41924434 0.71005155 0.71316569 0.78747651
 0.77635249 0.86248361 0.7368769  0.63165759 0.8479258  0.48677521
 0.68828987 0.63212244 0.59598079 0.62854875]

====epoch 17
====Evaluation
[0.70837654 0.6069219  0.66281492 0.79042347 0.72127327 0.61970002
 0.99105775 0.84513855 0.61756549 0.77983364 0.20789966 0.69195321
 0.7602649  0.68646684 0.69249933 0.71906229 0.66690868 0.67225517
 0.78439344 0.71239464 0.7915049  0.85637753 0.8203297  0.72249127
 0.6902961  0.83884898 0.75782795 0.74951958 0.80976563 0.80519184
 0.8104     0.86957478 0.75223011 0.63240844 0.87845296 0.75098019
 0.6724208  0.65579245 0.83365571 0.6854149 ]
[0.68018507 0.59863072 0.64242069 0.76865724 0.70028159 0.58119267
 0.94201093 0.70063147 0.64717474 0.74376015 0.20454818 0.67688663
 0.78890806 0.6610699  0.69395377 0.69748748 0.67812187 0.72354129
 0.73225487 0.72333698 0.78317016 0.95884746 0.62087868 0.65613742
 0.6569006  0.76908114 0.72345817 0.65558217 0.715713   0.79157791
 0.78254219 0.82355881 0.68879018 0.61512402 0.88364442 0.57775996
 0.66559733 0.6219822  0.52292001 0.61681153]

====epoch 18
====Evaluation
[0.70157262 0.57917912 0.66247974 0.80258296 0.71438238 0.62810499
 0.9631773  0.83274013 0.62434899 0.7884496  0.59524843 0.70177891
 0.77812765 0.72873766 0.69252724 0.71366343 0.70693194 0.68783541
 0.84113175 0.68454405 0.81486725 0.84750918 0.83487598 0.76199107
 0.64601385 0.84177573 0.74368519 0.81539457 0.84129933 0.83570279
 0.84264935 0.88171766 0.755764   0.61605404 0.83981648 0.65625162
 0.74090373 0.66040783 0.80027154 0.74947708]
[0.66722992 0.57708742 0.64359327 0.77518074 0.70594483 0.53913137
 0.95940255 0.70552864 0.69654636 0.77436215 0.58358059 0.68020158
 0.78601198 0.66304609 0.69150011 0.7036678  0.68139612 0.76406218
 0.73282394 0.66049201 0.82490131 0.95975787 0.60693269 0.66465117
 0.67850704 0.75464196 0.7379309  0.64301395 0.73948618 0.8160647
 0.80534449 0.85351207 0.69357186 0.59211736 0.84786803 0.55376669
 0.68962553 0.62368662 0.58089366 0.62087045]

====epoch 19
====Evaluation
[0.70665473 0.58106183 0.67954731 0.79309917 0.72830697 0.61942642
 0.90624519 0.82875538 0.69453414 0.76559919 0.56502873 0.70222906
 0.74725373 0.74391545 0.70958744 0.73065533 0.64359092 0.68513195
 0.78391743 0.64233212 0.84163634 0.83839182 0.73817302 0.72727243
 0.64040519 0.85211666 0.52941028 0.80056842 0.81923983 0.8391166
 0.76067532 0.86126371 0.76590845 0.62037781 0.84240109 0.76596369
 0.73240345 0.67851807 0.81872117 0.70265294]
[0.65324856 0.5873654  0.64217155 0.76327904 0.71219285 0.55969789
 0.80888646 0.70459704 0.7392571  0.74016343 0.55197467 0.66973379
 0.76847984 0.68211436 0.71328905 0.74058814 0.6691536  0.77035736
 0.69675701 0.65696336 0.81834971 0.96239225 0.46349053 0.67517655
 0.67739252 0.78541526 0.32374215 0.6321225  0.71979661 0.83004005
 0.76674777 0.81155728 0.71574591 0.62914096 0.86641191 0.47639007
 0.69661007 0.59039644 0.58832927 0.5809989 ]

====epoch 20
====Evaluation
[0.70724182 0.56813419 0.67035988 0.79420518 0.71808342 0.63001206
 0.77584195 0.80789032 0.72606895 0.74169045 0.17814378 0.73049891
 0.76214683 0.72304677 0.71493876 0.76524653 0.67129341 0.7343088
 0.81978385 0.66518879 0.84595376 0.82604798 0.80552934 0.75410637
 0.6957039  0.85438241 0.74691825 0.79816166 0.82168792 0.83859629
 0.8078961  0.86671675 0.7571285  0.60761005 0.84611717 0.81193326
 0.75373426 0.65847365 0.84855304 0.73657581]
[0.67003715 0.59191149 0.64476659 0.78165416 0.72211081 0.60390818
 0.70897632 0.70480576 0.76967917 0.7063919  0.17713464 0.70690634
 0.79079089 0.67082652 0.716022   0.75034152 0.70506884 0.7213931
 0.76909828 0.6700796  0.83161116 0.95975787 0.53169287 0.70574784
 0.73847582 0.79315777 0.64614719 0.65659491 0.72599885 0.83795256
 0.76388059 0.81904993 0.71523954 0.6768905  0.86592376 0.55952165
 0.69222256 0.58343851 0.63004992 0.6270104 ]

====epoch 21
====Evaluation
[0.70338438 0.58882591 0.67582601 0.79990945 0.71040707 0.64284841
 0.93892604 0.80662475 0.61691882 0.73680053 0.26354228 0.69930745
 0.75127995 0.73755362 0.7031469  0.75462759 0.6755584  0.70547351
 0.79910625 0.68067397 0.80978664 0.79696349 0.7816092  0.72765814
 0.71014372 0.85086444 0.64526591 0.78831695 0.81838009 0.83014599
 0.79187879 0.8360295  0.77596956 0.69618673 0.84251113 0.75938304
 0.73347429 0.67201696 0.86504984 0.72052897]
[0.6825843  0.60052265 0.6517536  0.768119   0.70800364 0.58881479
 0.90891318 0.69482633 0.66603906 0.68763438 0.26000445 0.69683344
 0.78517953 0.67154669 0.70969889 0.7436324  0.67958091 0.74263275
 0.80660435 0.70015064 0.78959569 0.96319613 0.48374849 0.67001328
 0.73934591 0.75424551 0.62204083 0.67119163 0.72886581 0.81185738
 0.79070975 0.82805035 0.74967556 0.69273442 0.83461292 0.52030121
 0.69184354 0.61814995 0.59081645 0.59601912]

====epoch 22
====Evaluation
[0.69442331 0.57150888 0.63777579 0.77922418 0.67040641 0.61386001
 0.95945491 0.8209681  0.67829367 0.67930341 0.46871653 0.69568096
 0.7471836  0.71484864 0.67261879 0.68571337 0.62783763 0.67307227
 0.82713783 0.65407389 0.82740841 0.84036967 0.81055051 0.76876492
 0.69609351 0.84657897 0.63823488 0.71346791 0.80804614 0.83112671
 0.81661645 0.88308092 0.77770078 0.67479344 0.83849314 0.80181184
 0.68139006 0.68243489 0.86421291 0.70231375]
[0.66401312 0.59337741 0.61438493 0.76520034 0.64022119 0.56176489
 0.94250638 0.70380713 0.71671755 0.64662133 0.4746465  0.70497351
 0.74983504 0.6783969  0.69210292 0.74112795 0.62330625 0.75620836
 0.7726215  0.67417119 0.81348926 0.96340436 0.50267634 0.718837
 0.74167586 0.76917729 0.51779006 0.62008793 0.69834029 0.78838074
 0.7603802  0.84928915 0.720943   0.65494858 0.81955541 0.5047815
 0.67004548 0.5913754  0.63805551 0.59425204]

====epoch 23
====Evaluation
[0.68361638 0.56960599 0.66381729 0.78483731 0.69987654 0.59051542
 0.92517528 0.79095762 0.63894025 0.74331199 0.27260516 0.69414224
 0.71278804 0.72021148 0.66173546 0.68726507 0.64909036 0.70606868
 0.80582635 0.65293382 0.81598993 0.81674208 0.77674531 0.72809095
 0.59066667 0.84349432 0.48679034 0.75787484 0.79021251 0.75873854
 0.77678615 0.8051298  0.72115618 0.6725793  0.8117752  0.63854777
 0.63946708 0.62283465 0.8479207  0.69647486]
[0.65181718 0.57675009 0.64499648 0.77297005 0.69425013 0.55857888
 0.86624894 0.68278641 0.64818976 0.71050996 0.27825757 0.69406917
 0.75974026 0.70104288 0.69678351 0.68951512 0.65440228 0.76474864
 0.74015621 0.65756552 0.82689766 0.96303632 0.53390568 0.65604572
 0.66823417 0.77266689 0.28827028 0.63447847 0.66831779 0.77639822
 0.73038504 0.76838356 0.68244087 0.64510587 0.79896362 0.53491809
 0.67139478 0.58468447 0.60555815 0.58771292]

====epoch 24
====Evaluation
[0.68660737 0.56418152 0.63658182 0.77811817 0.71266667 0.63587413
 0.94269098 0.79601176 0.66366335 0.72275041 0.34707858 0.66529091
 0.73241129 0.72137919 0.63526968 0.67096421 0.60954606 0.65566114
 0.79113783 0.6527974  0.76356152 0.80362276 0.76680581 0.67808039
 0.577271   0.82676009 0.55405923 0.69619769 0.78346812 0.76274565
 0.77393939 0.87467879 0.75274924 0.64676048 0.78388346 0.65934332
 0.69296607 0.66603675 0.8455308  0.74701797]
[0.65943158 0.57395576 0.62065191 0.7580545  0.70045083 0.56885688
 0.95182028 0.67702468 0.71254901 0.68127457 0.35384886 0.64808553
 0.73704576 0.69064325 0.66209024 0.66686129 0.62604312 0.7475106
 0.68499605 0.57997042 0.76857838 0.96465375 0.48449819 0.60155004
 0.6301925  0.77083555 0.44628599 0.60536992 0.66885798 0.74466975
 0.71445545 0.83068462 0.70254093 0.60803993 0.74124943 0.4918896
 0.68515767 0.62848706 0.62996356 0.58372128]

====epoch 25
====Evaluation
[0.68727927 0.5711943  0.65362271 0.77330775 0.72739406 0.631108
 0.98905775 0.79561241 0.60716239 0.73365083 0.15400896 0.67879532
 0.72562127 0.7500414  0.6234242  0.70163146 0.60587786 0.68765384
 0.78710868 0.64111409 0.82913759 0.82619739 0.78917725 0.7214389
 0.65218009 0.84275988 0.72871525 0.72960005 0.78846145 0.76132697
 0.81627359 0.85910627 0.74467654 0.60343481 0.77862113 0.69190113
 0.69607698 0.61884514 0.84396853 0.73841712]
[0.66524073 0.57077724 0.63381205 0.75167971 0.70727815 0.57119486
 0.97719247 0.66032145 0.62976451 0.7008556  0.16170185 0.66320722
 0.73354228 0.71114929 0.67211782 0.69215544 0.63824815 0.71761357
 0.74621626 0.638459   0.80920094 0.96076513 0.53613462 0.63227674
 0.72786434 0.77512248 0.76930865 0.67649788 0.68832453 0.77937767
 0.79028288 0.84377798 0.67838084 0.57013914 0.74970393 0.56058084
 0.67545482 0.58468447 0.60088606 0.58590996]

====epoch 26
====Evaluation
[0.69680248 0.59376893 0.66752265 0.80996775 0.72065332 0.65303622
 0.94758055 0.82681162 0.64175477 0.77844604 0.13958072 0.69469602
 0.75394114 0.70252333 0.71518848 0.72022893 0.65999232 0.68493524
 0.82105404 0.64793504 0.82246237 0.81866302 0.6999758  0.76227203
 0.69815065 0.80027615 0.64399992 0.75003887 0.80030601 0.75696144
 0.77409177 0.87328771 0.75273495 0.64684299 0.82669029 0.813885
 0.72221093 0.65154856 0.85106383 0.71433071]
[0.66347004 0.60021063 0.65681727 0.7824749  0.7185361  0.62058581
 0.88524347 0.72541514 0.67485395 0.75178773 0.14365644 0.67257826
 0.75407756 0.61785615 0.67146892 0.76344761 0.64700553 0.70099738
 0.82401815 0.64617928 0.80437527 0.95931719 0.49046352 0.71110995
 0.71872169 0.73522651 0.52397265 0.66983626 0.69931907 0.76557688
 0.79812317 0.85257043 0.71759248 0.70750756 0.81729953 0.54729048
 0.69345058 0.6052616  0.68576092 0.57036499]

====epoch 27
====Evaluation
[0.67484608 0.560491   0.65238553 0.76171694 0.70463397 0.60586873
 0.9528612  0.80741996 0.65817102 0.72621042 0.23358723 0.66608678
 0.72996374 0.76809587 0.70139813 0.66931395 0.61235327 0.68554554
 0.79926169 0.63794559 0.77801989 0.82310254 0.73102238 0.69329598
 0.66024589 0.84638802 0.48528729 0.69779287 0.78439344 0.72062886
 0.7370632  0.84730737 0.75608786 0.66520524 0.78438853 0.55020122
 0.68374669 0.66134868 0.84049993 0.74444175]
[0.65281348 0.57817685 0.6260706  0.74793305 0.67466321 0.54861484
 0.93975471 0.68977986 0.70356624 0.7068444  0.23595031 0.64361057
 0.75241868 0.71441922 0.69613829 0.63635262 0.61734198 0.73402786
 0.72772247 0.59664081 0.76671855 0.96736077 0.38885127 0.62221373
 0.6796821  0.7567159  0.3272887  0.58075804 0.67616784 0.75391016
 0.66049831 0.82194416 0.7138114  0.59658802 0.7711507  0.43616088
 0.66491813 0.56961974 0.46808988 0.57665294]

====epoch 28
====Evaluation
[0.69688408 0.57522895 0.64893131 0.79313782 0.69244845 0.63119856
 0.98070111 0.79635871 0.65475539 0.79088532 0.11933019 0.68495101
 0.73056832 0.74229082 0.65802934 0.68217678 0.6691115  0.64817113
 0.85176199 0.66063013 0.80438526 0.80779903 0.73210526 0.71418108
 0.63220087 0.84414798 0.49622725 0.80591367 0.78135033 0.79451993
 0.79230476 0.85627099 0.77445741 0.63200687 0.80578207 0.75318238
 0.67410132 0.62071876 0.83626878 0.74499899]
[0.66255058 0.57402156 0.62156388 0.75696388 0.67876234 0.58463957
 0.96098604 0.69300807 0.66416141 0.78225104 0.12330124 0.65734551
 0.76485728 0.68607359 0.69184853 0.72949441 0.67383534 0.77085807
 0.81350158 0.67252357 0.81574993 0.96412107 0.48893188 0.62145985
 0.68334634 0.76356345 0.28134909 0.64911158 0.69698486 0.80868571
 0.7641794  0.85932075 0.71056701 0.60914701 0.82697007 0.46409837
 0.66444815 0.57355448 0.69139161 0.62619413]

====epoch 29
====Evaluation
[0.69524513 0.56866224 0.66558862 0.77916075 0.70758225 0.61503645
 0.94015805 0.80796018 0.62253268 0.70228806 0.17059162 0.70243158
 0.70047951 0.72871033 0.67492868 0.65191751 0.61592454 0.65055179
 0.78974863 0.64346732 0.79540385 0.83659894 0.75107078 0.68748193
 0.62369524 0.83042128 0.48211476 0.74492683 0.77399636 0.72387984
 0.74254892 0.78580895 0.75232775 0.66604689 0.76985999 0.57122131
 0.67525813 0.62602059 0.85298877 0.72884313]
[0.65660079 0.56717558 0.63963629 0.76088906 0.70395093 0.55355301
 0.95198543 0.71067642 0.67340503 0.67627581 0.17360707 0.67604439
 0.72940955 0.6962966  0.68751267 0.67592062 0.64726172 0.71693923
 0.70309022 0.63681923 0.78175637 0.95908959 0.46722289 0.59240308
 0.67442345 0.74613022 0.27035287 0.58613099 0.64585295 0.72090674
 0.72467913 0.74118877 0.71585506 0.64277072 0.71920475 0.45485817
 0.63165252 0.55406149 0.54503688 0.53913601]

====epoch 30
====Evaluation
[0.69325942 0.5744841  0.62836789 0.76884801 0.6789336  0.62799779
 0.96802634 0.78916987 0.67025372 0.74081499 0.23562448 0.68458789
 0.73327238 0.7384456  0.68029984 0.68816812 0.67032409 0.65486422
 0.77781906 0.65623061 0.76532941 0.7955548  0.75359952 0.70495981
 0.6397645  0.77616813 0.60909696 0.7315435  0.80310625 0.75975856
 0.78922944 0.81718415 0.7419404  0.64797069 0.72800686 0.74281051
 0.70356894 0.67308904 0.82677429 0.72079144]
[0.6601875  0.59443428 0.61312664 0.73191005 0.66412803 0.59551302
 0.97230358 0.69150746 0.64845062 0.70185424 0.23860533 0.67002841
 0.76882287 0.73544481 0.70972101 0.68739626 0.67006902 0.72673935
 0.67307828 0.64345875 0.74387792 0.95964165 0.59713825 0.63703266
 0.67999605 0.72272665 0.37324105 0.61766525 0.67696326 0.73995442
 0.78580779 0.80941405 0.70098545 0.64088627 0.70782424 0.56001089
 0.67163736 0.60520496 0.65658842 0.59421616]

====epoch 31
====Evaluation
[0.69181868 0.54659443 0.64885603 0.754564   0.69349883 0.60987714
 0.97994529 0.77257073 0.56331701 0.72368813 0.20014831 0.69437008
 0.75141697 0.72961637 0.7065607  0.65176623 0.63279444 0.70759694
 0.76062902 0.64134145 0.83175532 0.80155241 0.74936479 0.6882501
 0.68303723 0.84280762 0.697005   0.74065126 0.78829144 0.75467153
 0.75108225 0.77937457 0.76418675 0.6491589  0.82593692 0.70976907
 0.65355605 0.6884999  0.87774327 0.72764183]
[0.64891929 0.59120053 0.62140377 0.72322786 0.67111549 0.56368193
 0.97746205 0.66908973 0.61691022 0.6955086  0.21698604 0.66650058
 0.76741033 0.69042891 0.72120217 0.71845944 0.64571207 0.71745609
 0.67630559 0.61186366 0.79554126 0.96337046 0.44735994 0.60918538
 0.73519505 0.77377339 0.70056159 0.57802608 0.6781254  0.74511108
 0.75073992 0.77222521 0.70759248 0.66171204 0.79785157 0.50495804
 0.66557307 0.57862999 0.63171667 0.61175695]

====epoch 32
====Evaluation
[0.68864515 0.56399323 0.6581751  0.75878388 0.69948348 0.60669766
 0.89364944 0.80496216 0.65312137 0.6485233  0.39211695 0.69595944
 0.68173423 0.71340835 0.68444958 0.6501389  0.65627661 0.68711415
 0.73439223 0.63244661 0.80263396 0.83072227 0.79878403 0.66588063
 0.62248658 0.86873706 0.62340617 0.67174139 0.77456466 0.70715141
 0.75609351 0.78010805 0.75594974 0.67185592 0.77560481 0.66050054
 0.63618812 0.6259681  0.86691899 0.71682213]
[0.66043389 0.56976967 0.63357476 0.74352926 0.66951164 0.54550645
 0.91535155 0.71156688 0.67385184 0.61174436 0.40169278 0.66503207
 0.70590118 0.66948391 0.69316292 0.66693841 0.63820753 0.72596002
 0.65679758 0.60245652 0.81919485 0.95679419 0.49741233 0.59385968
 0.66729681 0.79908818 0.46306366 0.56863857 0.69747797 0.74804149
 0.78555878 0.7450333  0.68690722 0.60274047 0.73015488 0.48795545
 0.67620073 0.55892934 0.5063043  0.55587399]

====epoch 33
====Evaluation
[0.68742999 0.58972055 0.65505089 0.77422273 0.70233166 0.61607357
 0.95125633 0.7916329  0.61704903 0.69668318 0.12967772 0.71892721
 0.67539879 0.69195543 0.68856259 0.64208244 0.59661233 0.66776621
 0.78533576 0.67760455 0.81020142 0.77497225 0.75710224 0.68361348
 0.63115152 0.80951909 0.7150466  0.72618892 0.75837523 0.72827625
 0.75759307 0.80171027 0.74579577 0.68637849 0.74743373 0.71164309
 0.69299343 0.63160913 0.87928694 0.71989501]
[0.65319132 0.6071367  0.61696128 0.73663916 0.67254041 0.59452907
 0.89504311 0.70985375 0.66307924 0.66130381 0.13151002 0.67364263
 0.71490404 0.67206796 0.70495747 0.64736923 0.64315797 0.71938219
 0.72180405 0.6670315  0.79229284 0.96036804 0.52174929 0.62706811
 0.68415812 0.75030917 0.61657137 0.59209218 0.64145464 0.77335797
 0.79629472 0.77920949 0.68123105 0.66363581 0.74438629 0.54860186
 0.66131898 0.57018878 0.59025511 0.54827642]

====epoch 34
====Evaluation
[0.69442171 0.56780109 0.65378144 0.76912651 0.69444111 0.59829114
 0.98108409 0.81499476 0.57615272 0.7247056  0.26171041 0.69736921
 0.6883632  0.70697935 0.67928774 0.6460018  0.63846209 0.64656216
 0.79548512 0.63391474 0.7660115  0.83545348 0.7799758  0.68441088
 0.63417489 0.82097637 0.64192188 0.66983837 0.78998179 0.71895284
 0.77012641 0.854412   0.73727538 0.6429208  0.83031326 0.60395185
 0.64108897 0.65115687 0.85113822 0.72579851]
[0.65870626 0.5775418  0.63676767 0.7385792  0.67267083 0.5381689
 0.95738676 0.70556063 0.63712273 0.71811035 0.26620022 0.67028139
 0.70081912 0.67326138 0.68405616 0.66924088 0.61163859 0.71774278
 0.70088726 0.60940203 0.78049387 0.96640678 0.43662233 0.59081133
 0.66735511 0.74427965 0.57336967 0.60444512 0.67703512 0.72627132
 0.76667663 0.8146046  0.68674955 0.66084694 0.80820379 0.49490578
 0.68049727 0.57131877 0.57695563 0.57850524]

====epoch 35
====Evaluation
[0.65806987 0.56435462 0.62916014 0.73259921 0.65623624 0.60952769
 0.94066059 0.77430958 0.54600455 0.72537192 0.2831181  0.68070033
 0.71568821 0.66792029 0.63428696 0.61940517 0.63615664 0.67372291
 0.76193078 0.63933739 0.74385478 0.8190899  0.73362371 0.65480633
 0.59746494 0.83190117 0.54357322 0.67940011 0.78727869 0.70286543
 0.76677056 0.74822953 0.73442017 0.66787871 0.78634673 0.67641674
 0.66685165 0.65015546 0.82768561 0.67104381]
[0.63108432 0.57063114 0.61521101 0.72654523 0.66101616 0.56446593
 0.87579114 0.65886807 0.56608968 0.68828985 0.291558   0.64882442
 0.76968481 0.65714582 0.67425256 0.65372949 0.61985859 0.74260448
 0.64480646 0.59978306 0.7538388  0.96586925 0.45137445 0.55747839
 0.64036894 0.75256654 0.33936735 0.57265464 0.67221804 0.70109606
 0.81746777 0.73913653 0.69137356 0.63275862 0.73418716 0.47725507
 0.65381443 0.53778317 0.56945956 0.57619099]

====epoch 36
====Evaluation
[0.68470153 0.53369363 0.6609016  0.77423877 0.70516717 0.62580551
 0.75339007 0.78704215 0.60754214 0.69792828 0.14420038 0.69204023
 0.73881816 0.69885854 0.69749224 0.66843382 0.64208658 0.7114857
 0.7889326  0.62351117 0.8184823  0.84440365 0.73026013 0.73778806
 0.63038268 0.86864892 0.56882742 0.696888   0.79736491 0.77858881
 0.74351861 0.78777923 0.7542471  0.61635109 0.80392262 0.72484757
 0.68883904 0.691383   0.81584772 0.69802544]
[0.63984484 0.56613764 0.64660127 0.77968277 0.69067784 0.59017495
 0.65427565 0.71198583 0.64971099 0.66461709 0.16151837 0.66440579
 0.76614091 0.65273991 0.70388457 0.7192967  0.64700084 0.75247729
 0.73722988 0.63160765 0.82530736 0.95420823 0.42730351 0.65174831
 0.66439278 0.78431024 0.36951622 0.56640691 0.70339029 0.76331533
 0.70462307 0.75941347 0.74341722 0.58601331 0.7857865  0.51249849
 0.71765312 0.58254585 0.67122649 0.57498453]

====epoch 37
====Evaluation
[0.69131582 0.57343674 0.65951943 0.75069262 0.67285552 0.60096174
 0.51968794 0.78281523 0.68643126 0.74916297 0.30639626 0.70477013
 0.75236118 0.70568277 0.68256347 0.68522746 0.63031984 0.65241799
 0.78931633 0.63380268 0.79240083 0.78692478 0.69729583 0.72208689
 0.61512381 0.8169957  0.47539644 0.7309869  0.77217365 0.78083099
 0.74845714 0.7720499  0.71348593 0.6350049  0.82304758 0.74809576
 0.63988135 0.66058954 0.79693312 0.7365314 ]
[0.668436   0.5912859  0.62846463 0.73372776 0.66367187 0.56708015
 0.54231694 0.68129342 0.74350829 0.69693595 0.32582929 0.67264613
 0.74334809 0.65188256 0.68827772 0.75761615 0.60934381 0.710426
 0.71565295 0.63846881 0.79305104 0.95364165 0.4009996  0.65132745
 0.68960066 0.75778689 0.2806869  0.6096604  0.72095628 0.79576169
 0.70564757 0.7311745  0.67122195 0.61383545 0.83775556 0.51949421
 0.74263796 0.54950378 0.66163186 0.58287811]

====epoch 38
====Evaluation
[0.66856529 0.5602355  0.65489136 0.77866571 0.69440507 0.60453014
 0.72482067 0.8086081  0.63967805 0.68045123 0.25689847 0.68741535
 0.72873964 0.70287559 0.65544769 0.61752801 0.62589139 0.66637413
 0.78757013 0.58132197 0.81320812 0.8281539  0.72153055 0.70903289
 0.60894892 0.85309714 0.40693722 0.62219444 0.78899089 0.73105933
 0.7642355  0.82194417 0.73978054 0.61270945 0.77949019 0.59843342
 0.6724677  0.70157077 0.83706852 0.70735716]
[0.62505678 0.59162829 0.62437641 0.76948945 0.67173908 0.53589187
 0.66825744 0.6791042  0.68828935 0.65158061 0.2661311  0.65407528
 0.74128118 0.66598422 0.69485155 0.64360155 0.59803232 0.71240864
 0.69061349 0.57894262 0.80456656 0.96515254 0.41491334 0.59990328
 0.65680193 0.75093194 0.17210004 0.50896604 0.70788029 0.74944197
 0.66771251 0.82359058 0.71124924 0.58001815 0.79443453 0.42638099
 0.66352032 0.57545307 0.58282813 0.58366746]

====epoch 39
====Evaluation
[0.68487343 0.55556961 0.6546434  0.73916889 0.69010477 0.6116565
 0.88808916 0.77179532 0.54850876 0.64299041 0.26236583 0.69312723
 0.73593358 0.70278499 0.65973771 0.63558685 0.6121176  0.67955857
 0.74362599 0.61232318 0.74926722 0.82153732 0.73576528 0.63738368
 0.58393247 0.82129585 0.59977858 0.70223636 0.78008257 0.68926259
 0.72503203 0.78120068 0.72780723 0.6672461  0.76106781 0.73569442
 0.68614631 0.64521704 0.83556204 0.6820634 ]
[0.65772436 0.58361235 0.62577407 0.73746678 0.63715785 0.54441375
 0.92691925 0.65648309 0.61447986 0.59983965 0.27159863 0.66207807
 0.74629442 0.65505132 0.6952608  0.6562119  0.58765813 0.7134464
 0.67811147 0.58965019 0.73504826 0.96395642 0.43181782 0.537279
 0.63102895 0.73493509 0.4359838  0.56721043 0.68053146 0.71880799
 0.72718347 0.74886339 0.64261067 0.55517846 0.75135035 0.52393274
 0.65494542 0.53661812 0.62359017 0.53447611]

====epoch 40
====Evaluation
[0.67243189 0.55709217 0.64305013 0.75331801 0.68179046 0.58509683
 0.7701459  0.78469321 0.6557471  0.70914094 0.29142631 0.70508816
 0.76102858 0.71049573 0.66326902 0.5347333  0.63139749 0.6945386
 0.73286217 0.54170361 0.81167804 0.80900851 0.69690865 0.7323313
 0.65061818 0.83970094 0.39905883 0.70278985 0.74388707 0.75999626
 0.74675325 0.78786269 0.73864941 0.64755812 0.72768238 0.59241411
 0.66123561 0.66055724 0.84257365 0.69618413]
[0.64979693 0.56025193 0.61744808 0.74528122 0.6761873  0.4988788
 0.78131633 0.68335847 0.67112706 0.67388373 0.30508217 0.67610301
 0.7816187  0.69364911 0.68433084 0.58692842 0.6015159  0.72237028
 0.65582129 0.53783448 0.78133901 0.96506053 0.43454252 0.66095126
 0.67380677 0.73881374 0.19804016 0.5690661  0.67370479 0.76428625
 0.70031873 0.82187195 0.69053062 0.61101633 0.71871371 0.46958601
 0.71476349 0.53237594 0.61768313 0.64981656]

====epoch 41
====Evaluation
[0.65547566 0.53662391 0.64096871 0.76841311 0.68243443 0.61681736
 0.89407295 0.78792118 0.69268094 0.71476332 0.17182045 0.70226228
 0.72695122 0.70194221 0.65454135 0.60195372 0.64498502 0.67309749
 0.75472738 0.61453025 0.84249171 0.80696662 0.72196007 0.66518879
 0.63265455 0.80947869 0.4863364  0.77111513 0.74542562 0.73457608
 0.77538009 0.81513547 0.7521932  0.67375926 0.7600746  0.64333212
 0.65270407 0.64633555 0.84600506 0.71752069]
[0.63080495 0.57171749 0.61314034 0.73879403 0.65398259 0.57016794
 0.87796236 0.69899909 0.69506387 0.67525844 0.18280347 0.6574396
 0.76783202 0.68293741 0.66625557 0.60502137 0.61065132 0.74678781
 0.66163095 0.59938881 0.82820016 0.96043099 0.45758162 0.61870688
 0.69316847 0.73546319 0.31968622 0.61736507 0.67230724 0.7702471
 0.7629628  0.81760281 0.69506671 0.63300665 0.76570019 0.44679821
 0.67764099 0.55926645 0.60458228 0.58748868]

====epoch 42
====Evaluation
[0.68983835 0.54719676 0.64031746 0.75093139 0.66802402 0.60621315
 0.90136981 0.7744947  0.60432399 0.7554721  0.26853893 0.69438115
 0.74078062 0.67089383 0.66309055 0.67729248 0.66374415 0.6277539
 0.76564784 0.6122566  0.80042916 0.79606705 0.7145493  0.68568413
 0.57767965 0.85610834 0.5060374  0.74062327 0.76450273 0.77753416
 0.75847619 0.79587279 0.7539661  0.63566501 0.80125336 0.71676425
 0.71342536 0.66982031 0.85099874 0.71803755]
[0.65266071 0.57929929 0.62537038 0.74491653 0.66042897 0.57270104
 0.88623679 0.68093845 0.63357146 0.75197906 0.28548158 0.65755067
 0.75226355 0.62705892 0.66220915 0.65941774 0.63450994 0.74081567
 0.70699031 0.60875181 0.79085123 0.96005811 0.50294236 0.63520732
 0.61891051 0.73943799 0.29608288 0.53776834 0.65434479 0.76695186
 0.7551652  0.81576576 0.72064585 0.64355717 0.77300798 0.50325828
 0.70555185 0.54778857 0.74377774 0.55612515]

====epoch 43
====Evaluation
[0.6827957  0.54802379 0.66725399 0.74016516 0.68775776 0.5958806
 0.91145897 0.74275003 0.73409805 0.72101117 0.08920284 0.68331735
 0.71072947 0.72939611 0.65799408 0.68934393 0.67208787 0.67648186
 0.73716333 0.61492651 0.79920878 0.83237286 0.73134301 0.68778888
 0.59295411 0.83677786 0.49900133 0.75562044 0.76739041 0.73737226
 0.77224935 0.76141951 0.76769683 0.66688854 0.74396596 0.69663368
 0.66928254 0.66202705 0.85911695 0.68125984]
[0.65008377 0.56023455 0.64060119 0.72624208 0.66113687 0.55603569
 0.89067881 0.67220521 0.76046913 0.6887626  0.09922359 0.65695524
 0.74873768 0.67755327 0.67922257 0.67370261 0.67482574 0.73300222
 0.71399124 0.60766811 0.78881402 0.95975303 0.46773075 0.62665304
 0.6402613  0.77514615 0.2531677  0.61757732 0.68603493 0.75454567
 0.75837389 0.78918043 0.74024257 0.63241379 0.74167981 0.48606656
 0.67285324 0.55509439 0.57948598 0.57980589]

====epoch 44
====Evaluation
[0.67798185 0.55940452 0.65171357 0.73767793 0.6745619  0.58115731
 0.5224843  0.75002911 0.63746788 0.67766436 0.24559778 0.71032379
 0.73000075 0.72244144 0.66874961 0.64158965 0.63181753 0.63950087
 0.74057559 0.59572391 0.80758368 0.81050969 0.73461585 0.69185871
 0.55627013 0.80936853 0.44492697 0.77396655 0.76104918 0.71858694
 0.77355152 0.74547013 0.74369782 0.67251604 0.7819704  0.61070522
 0.63329217 0.62376338 0.82293372 0.71385019]
[0.64977404 0.56172842 0.6279136  0.72958124 0.66578952 0.53711348
 0.49276988 0.6732404  0.65299365 0.65917594 0.25396009 0.654373
 0.75204834 0.6973237  0.7018844  0.61239149 0.63255882 0.71546537
 0.67997805 0.60134634 0.84012173 0.95895884 0.51440548 0.64786017
 0.63287003 0.76029278 0.27598151 0.56133414 0.6764875  0.73254601
 0.77417542 0.75278303 0.69983626 0.59239564 0.74170581 0.45128213
 0.65800788 0.54679072 0.56635922 0.57126199]

====epoch 45
====Evaluation
[0.67149093 0.5579398  0.65508992 0.74334429 0.6545966  0.57518223
 0.94760689 0.76465654 0.57528796 0.6817401  0.23433983 0.67277648
 0.68395255 0.65552468 0.60367145 0.61718421 0.57664632 0.65375963
 0.74706011 0.60640682 0.80238509 0.83467088 0.78299456 0.72108973
 0.58032727 0.80235829 0.69559275 0.65979776 0.75228415 0.68521617
 0.77167446 0.80188732 0.7259355  0.62629135 0.79276875 0.66107916
 0.63069714 0.64665455 0.85932153 0.67940642]
[0.65143956 0.56863513 0.6241543  0.74079638 0.64514196 0.52069762
 0.91364663 0.68564899 0.64077988 0.63205526 0.24199359 0.65068011
 0.72001451 0.64605346 0.66564169 0.64062707 0.62133013 0.71282051
 0.64581816 0.60889009 0.78820624 0.95748668 0.50757759 0.62004958
 0.66808841 0.74970415 0.65571077 0.50472408 0.64899991 0.68243283
 0.75691539 0.75740744 0.68755003 0.57554749 0.75089398 0.54377497
 0.70707095 0.50880259 0.57170492 0.53679485]

====epoch 46
====Evaluation
[0.67198876 0.56254869 0.64712394 0.73731631 0.6345372  0.59328702
 0.29077406 0.77554779 0.598083   0.65775646 0.41140916 0.67261193
 0.70397842 0.68026278 0.61311376 0.67472542 0.57886814 0.69349958
 0.70149848 0.58991799 0.77502793 0.82919975 0.70978826 0.68224279
 0.60672554 0.81855271 0.45744311 0.72360803 0.7672204  0.7236122
 0.77161212 0.73866396 0.72307553 0.61066859 0.70064841 0.65361763
 0.66435824 0.66361397 0.84925048 0.73836463]
[0.63836088 0.55227956 0.60706419 0.74286907 0.62592598 0.54024248
 0.31945234 0.68599558 0.65168937 0.64731476 0.41386556 0.65106575
 0.70053071 0.64988837 0.6502874  0.69700642 0.55751344 0.72512417
 0.60124287 0.60480046 0.77146161 0.9633753  0.3383555  0.60099887
 0.69485482 0.76908853 0.31771238 0.55403578 0.65724643 0.70437953
 0.7477589  0.70787046 0.67987871 0.5892438  0.62789784 0.51660917
 0.67662826 0.54892125 0.54525278 0.60808823]

====epoch 47
====Evaluation
[0.70119633 0.57519711 0.65149409 0.77522302 0.6732993  0.61722331
 0.90715299 0.79154092 0.60645713 0.73985393 0.08265551 0.7024482
 0.7373947  0.66733761 0.64855031 0.67442058 0.63607872 0.68947464
 0.77825379 0.69500122 0.80696612 0.79120777 0.76996975 0.72196508
 0.62834632 0.80353707 0.52956664 0.73981169 0.77862538 0.77897249
 0.78234459 0.79854619 0.72483771 0.6129845  0.78372262 0.75825172
 0.69837889 0.67132243 0.82510973 0.73784373]
[0.6714921  0.57301552 0.63999537 0.77218142 0.67091228 0.5771775
 0.91643473 0.70621039 0.63963057 0.69667883 0.08790873 0.67813301
 0.77225752 0.64791647 0.67477427 0.76631193 0.62588066 0.71543307
 0.71235735 0.68428935 0.78624989 0.94305085 0.55040709 0.63215415
 0.73783223 0.7556523  0.35973614 0.66157975 0.69948013 0.7688329
 0.76610746 0.74974726 0.67892662 0.61468845 0.7747035  0.61620365
 0.71549727 0.56636731 0.56090989 0.67134451]

====epoch 48
====Evaluation
[0.66030061 0.54171882 0.63658262 0.72484186 0.66592926 0.57555606
 0.61302938 0.77260333 0.58001753 0.65817959 0.12273824 0.65903474
 0.71057622 0.62703743 0.64147152 0.58936594 0.60360282 0.67003591
 0.69903582 0.56545676 0.7120401  0.80257691 0.72266788 0.67772473
 0.59868745 0.81034166 0.5530757  0.64404498 0.75843594 0.74503837
 0.757271   0.73619036 0.7334986  0.61885954 0.77381308 0.5701418
 0.66547598 0.64955381 0.83857499 0.71445589]
[0.63035208 0.55662804 0.61126143 0.73028233 0.6599916  0.48122643
 0.58485003 0.68299284 0.609162   0.63854617 0.13186772 0.65687348
 0.70798011 0.67183476 0.6688475  0.62267366 0.61133241 0.71710075
 0.62329782 0.52700333 0.67099557 0.95394673 0.3391052  0.63289066
 0.6716921  0.75344079 0.41517567 0.50771983 0.63881317 0.706391
 0.66051254 0.72243115 0.68201637 0.49765275 0.73808946 0.46066356
 0.66547605 0.57472222 0.54185882 0.59870115]

====epoch 49
====Evaluation
[0.67307175 0.56489141 0.66448388 0.77666221 0.68581181 0.61085776
 0.91544883 0.81225987 0.61040224 0.74835852 0.18594337 0.70044587
 0.70167179 0.67407748 0.62396918 0.60811467 0.6939469  0.66563774
 0.80719369 0.70253999 0.78104872 0.75992487 0.71342408 0.70408607
 0.57287273 0.75206929 0.60002825 0.69946579 0.78774985 0.74112858
 0.78487273 0.80623508 0.69845023 0.67017812 0.80382104 0.76104116
 0.61496283 0.67244094 0.79574282 0.67513426]
[0.65399258 0.58590475 0.63483526 0.77671977 0.6624253  0.54602429
 0.93889496 0.72953763 0.59449205 0.72958382 0.19572018 0.66945767
 0.73586701 0.6557492  0.66404156 0.64325269 0.62980164 0.69389865
 0.74746823 0.65179296 0.79335536 0.95130751 0.43848448 0.66072442
 0.70935255 0.71071348 0.42289913 0.6095846  0.69027713 0.76210119
 0.75937705 0.8085764  0.64977562 0.51756201 0.77999804 0.60887504
 0.66307762 0.59878101 0.56511564 0.59010791]

====epoch 50
====Evaluation
[0.66293305 0.55059038 0.65460716 0.74228203 0.68150551 0.59913284
 0.40583384 0.76015252 0.63427469 0.67302638 0.37080885 0.65927208
 0.70855012 0.70438462 0.63662257 0.61494948 0.64324786 0.65211032
 0.76186278 0.62941291 0.78454394 0.80299667 0.68304295 0.72567763
 0.61098528 0.81731885 0.36881633 0.67201813 0.78369399 0.77630357
 0.75597229 0.77279349 0.71566961 0.59125015 0.78958878 0.59047964
 0.63023988 0.69224308 0.80135025 0.70424389]
[0.63969626 0.55401063 0.63548976 0.74604079 0.66221784 0.51689862
 0.36445173 0.70061167 0.6718528  0.64251137 0.37630257 0.65733316
 0.70375562 0.70824117 0.64756274 0.67392294 0.66025875 0.74162326
 0.69833273 0.61793435 0.8015616  0.95178208 0.39146312 0.67455588
 0.69446911 0.75106064 0.15208145 0.56730443 0.71717249 0.74311432
 0.70235351 0.78843232 0.65018799 0.58068361 0.74311248 0.4539402
 0.67498787 0.58380529 0.56449384 0.55185544]


