BioDataset(88000)
species splitting
Data(center_node_idx=[1], edge_attr=[1328, 9], edge_index=[2, 1328], go_target_downstream=[40], go_target_pretrain=[5000], species_id=[1], x=[96, 1])
====epoch 1
====Evaluation
[0.66161901 0.5729243  0.63014559 0.6428674  0.70099833 0.56466896
 0.99002837 0.66270579 0.69588823 0.7249838  0.27646877 0.59805685
 0.70225234 0.67399468 0.68551382 0.72302061 0.6977643  0.61399952
 0.71721919 0.57180268 0.73368064 0.79621645 0.6392559  0.66643118
 0.57179913 0.69815215 0.78034338 0.76913748 0.62792835 0.68472394
 0.68178355 0.71835165 0.66134678 0.564972   0.76326304 0.75756084
 0.62828971 0.65040783 0.59464737 0.60849384]
[0.67159851 0.52783697 0.62786418 0.63970377 0.69585065 0.57255021
 0.99349605 0.57578991 0.73387338 0.70388341 0.27560112 0.6339773
 0.73975394 0.60950644 0.65222028 0.75648879 0.77263312 0.71614779
 0.78367427 0.59854441 0.76760456 0.87257627 0.4685127  0.65077917
 0.52812088 0.64941391 0.88805124 0.70421771 0.69100812 0.74428727
 0.71999772 0.76272797 0.73517283 0.64598911 0.83176201 0.68187871
 0.72058217 0.63577131 0.53817124 0.60885965]

====epoch 2
====Evaluation
[0.63975576 0.52501494 0.59470156 0.64685871 0.70648649 0.56188072
 0.9862614  0.63487542 0.71468283 0.62986341 0.3700404  0.60216434
 0.68598644 0.76976424 0.70483544 0.7026835  0.64585266 0.61612295
 0.7390674  0.66280552 0.72953467 0.78774296 0.63338173 0.64095493
 0.60830476 0.71415561 0.77589477 0.72252592 0.64603522 0.74443945
 0.50923463 0.73095231 0.69937657 0.60501359 0.79488496 0.76204294
 0.60424271 0.65169796 0.81747508 0.62337573]
[0.64510807 0.51091413 0.59394199 0.63983909 0.69134996 0.57699509
 0.99282574 0.58036487 0.70915529 0.60688024 0.36661308 0.6576062
 0.72014451 0.74350045 0.67357232 0.74255644 0.75331565 0.6788936
 0.80331381 0.70692354 0.79508391 0.88744794 0.58660218 0.60048438
 0.51335405 0.64096579 0.89419563 0.66802304 0.63883052 0.76481976
 0.59209141 0.77906507 0.73969375 0.69875378 0.81626546 0.76070794
 0.69947847 0.61426645 0.65287493 0.57483204]

====epoch 3
====Evaluation
[0.63576305 0.57856431 0.63829181 0.65187693 0.72284551 0.6133546
 0.98756028 0.66356794 0.68707033 0.62188605 0.05393274 0.59495883
 0.75019936 0.78612535 0.73164935 0.70090031 0.67518778 0.64312735
 0.68984578 0.64102964 0.75493775 0.80175162 0.66108288 0.71034836
 0.5965697  0.74338269 0.79937861 0.72164593 0.69516454 0.77546135
 0.73771775 0.70221005 0.7176723  0.62099942 0.82773147 0.61876263
 0.61237953 0.66333131 0.80758072 0.61768625]
[0.64057073 0.54057151 0.64512457 0.64656749 0.7011278  0.64224283
 0.99283303 0.58434491 0.72796795 0.58440908 0.05785335 0.6511907
 0.77432771 0.73093173 0.68786846 0.75102822 0.74957119 0.71724611
 0.72245913 0.67171349 0.81489783 0.88941404 0.52973801 0.69119822
 0.55233982 0.66624212 0.9252168  0.69169497 0.66698467 0.79801736
 0.71713765 0.72008862 0.72318072 0.73264368 0.82885912 0.63690836
 0.71742571 0.60596818 0.73820751 0.59644968]

====epoch 4
====Evaluation
[0.64620124 0.53065745 0.62447472 0.61773661 0.69826627 0.61614903
 0.98547518 0.65219292 0.73019851 0.63717153 0.02305072 0.62350716
 0.75392556 0.81867964 0.69589257 0.6998689  0.67455868 0.6736523
 0.65556284 0.65705156 0.75606411 0.80161644 0.67711434 0.70575396
 0.65602771 0.66712202 0.80249062 0.71935733 0.68360656 0.79772038
 0.7497697  0.64800595 0.70546562 0.63205637 0.80069468 0.70830958
 0.65520334 0.64994549 0.87770607 0.66789017]
[0.65343793 0.51316253 0.62881927 0.61242702 0.68310834 0.60707226
 0.99274803 0.58040905 0.72018875 0.61746592 0.03277311 0.67364263
 0.79329259 0.77290919 0.7020328  0.70680019 0.72480184 0.75658793
 0.71013415 0.6859507  0.77590296 0.88338983 0.60688432 0.69094338
 0.59506831 0.5829073  0.92818394 0.66052304 0.62307094 0.79621479
 0.73571388 0.66166098 0.71987265 0.68017544 0.80247454 0.72094783
 0.7146513  0.59920712 0.66227957 0.64386947]

====epoch 5
====Evaluation
[0.64856325 0.55304296 0.61698851 0.6304254  0.69320754 0.61060429
 0.98930294 0.64562755 0.75455271 0.59391907 0.01669637 0.57115247
 0.72847858 0.78637217 0.70788127 0.65990749 0.60745347 0.6174999
 0.72983849 0.62360455 0.78671556 0.7875651  0.67007864 0.69476248
 0.66872035 0.6566342  0.79866239 0.71687438 0.67690589 0.78097885
 0.67944242 0.63744764 0.70154119 0.59515584 0.78853631 0.71228216
 0.65476758 0.64971129 0.81563383 0.69417525]
[0.65618237 0.53435376 0.62869507 0.63571474 0.66175227 0.620253
 0.99355434 0.58487888 0.77005883 0.56381574 0.02505316 0.64612263
 0.77320358 0.76178424 0.68536134 0.69731121 0.68890691 0.65895215
 0.78686111 0.65737232 0.7905556  0.88369976 0.63279323 0.708718
 0.57719787 0.58755961 0.92180397 0.65534263 0.60893439 0.79587349
 0.67039472 0.64455267 0.73301395 0.66108893 0.79007585 0.67814127
 0.74446938 0.56188511 0.76003938 0.64915279]

====epoch 6
====Evaluation
[0.65068904 0.60158128 0.64846787 0.66478955 0.70558492 0.61264487
 0.96599797 0.66359006 0.77183914 0.68542188 0.01534349 0.58660303
 0.74098972 0.78196146 0.71528616 0.67480564 0.68895968 0.65256426
 0.74826472 0.66516525 0.78039797 0.77209084 0.67175439 0.71943321
 0.69893333 0.74986046 0.82186378 0.71424529 0.69698846 0.79570653
 0.69978528 0.74118055 0.69488539 0.64042886 0.84049085 0.76616232
 0.6503787  0.636915   0.8407789  0.65522512]
[0.65895491 0.53469813 0.65482379 0.66803559 0.68260577 0.63244278
 0.96992107 0.58840189 0.76629579 0.62076046 0.02016138 0.64188754
 0.7877812  0.7628405  0.68706655 0.71190822 0.74513314 0.7140218
 0.80048865 0.69090827 0.80371446 0.87998547 0.6131318  0.73425826
 0.64785438 0.71804624 0.92895437 0.63513645 0.68009287 0.8277275
 0.69306895 0.75862926 0.72676774 0.70166969 0.82787416 0.72403462
 0.6955094  0.62700108 0.77040261 0.59709552]

====epoch 7
====Evaluation
[0.65061076 0.58046554 0.63677142 0.65405904 0.69089156 0.62256798
 0.97276798 0.66093725 0.77000113 0.64333962 0.03767194 0.60622437
 0.74911164 0.80800083 0.71303208 0.67884418 0.68622278 0.66439192
 0.76177292 0.6747365  0.78258986 0.773777   0.64746521 0.72301583
 0.61865628 0.6839958  0.8000343  0.72688545 0.72015058 0.81299457
 0.71253333 0.69603112 0.68478142 0.64704653 0.82107385 0.63419521
 0.68047555 0.61194428 0.87781766 0.70665051]
[0.66087735 0.53953533 0.63964961 0.66593041 0.6830401  0.62573489
 0.97366363 0.59458181 0.76519812 0.60306182 0.04395757 0.66197086
 0.78661009 0.78780131 0.69300807 0.76382952 0.72552668 0.71852211
 0.81124044 0.6842864  0.79509956 0.88310896 0.62254736 0.71931963
 0.67093638 0.62110655 0.92371414 0.69349606 0.69304745 0.8331823
 0.7156507  0.70843082 0.72861734 0.61893527 0.82698451 0.66545112
 0.69270467 0.59754045 0.7331468  0.62953993]

====epoch 8
====Evaluation
[0.64189964 0.55048511 0.64185079 0.65651456 0.6941635  0.59940837
 0.2761074  0.64416929 0.758181   0.65638928 0.02829548 0.62627924
 0.75597893 0.7894082  0.71344045 0.69060913 0.65878543 0.67470645
 0.78954341 0.65019245 0.80032777 0.79864965 0.68430127 0.75092164
 0.63082944 0.75211152 0.67393475 0.72117639 0.70342441 0.78342691
 0.71607965 0.69213356 0.71225716 0.62109843 0.82696963 0.60916801
 0.65741732 0.61816273 0.88173263 0.67676963]
[0.65231085 0.53635747 0.64030726 0.67828702 0.69693859 0.5830549
 0.152017   0.58625076 0.79653448 0.60459445 0.02992783 0.67909865
 0.79169106 0.76758506 0.70250381 0.74543545 0.72393954 0.76239855
 0.83109243 0.68135403 0.81245979 0.88475061 0.64920193 0.74557131
 0.71856247 0.7128747  0.70459842 0.70419951 0.67389063 0.82182549
 0.68751245 0.68727001 0.73222256 0.63213551 0.81903549 0.59349655
 0.74049424 0.5861192  0.5824136  0.59796561]

====epoch 9
====Evaluation
[0.66588799 0.52752286 0.63577025 0.64081907 0.67463197 0.58818112
 0.15087335 0.67053324 0.77201057 0.76222771 0.05481973 0.61218387
 0.74487307 0.74815823 0.69025333 0.69373315 0.6827494  0.67589174
 0.78769399 0.68178644 0.79975998 0.79327812 0.64113733 0.73231019
 0.5948329  0.74486993 0.47370173 0.71717134 0.71301032 0.81280554
 0.69113074 0.73167061 0.70228655 0.61426072 0.82848485 0.66283227
 0.68009645 0.59494044 0.86544041 0.64478498]
[0.67571777 0.52129619 0.64052549 0.65881209 0.68228124 0.59025213
 0.04699454 0.58926341 0.77827194 0.73400962 0.05440951 0.67036469
 0.79285343 0.74507454 0.68671353 0.7322045  0.73724588 0.75252978
 0.80409281 0.69867955 0.803531   0.89750605 0.65260782 0.73689636
 0.64663895 0.70396356 0.40051193 0.69340813 0.69674203 0.83223296
 0.66836706 0.76333743 0.7328775  0.68110103 0.82880135 0.61278901
 0.71417223 0.59831446 0.58403717 0.62529713]

====epoch 10
====Evaluation
[0.64616542 0.5824968  0.65477127 0.68325406 0.72251118 0.61068517
 0.94078825 0.70572244 0.77954599 0.77852386 0.00986096 0.6076642
 0.74853757 0.79335261 0.69600127 0.68596778 0.69081753 0.68542448
 0.8044493  0.69151441 0.81087244 0.77936196 0.70408953 0.75623873
 0.65730216 0.75646675 0.71709438 0.7147397  0.73946084 0.81536403
 0.7074632  0.77102303 0.71222621 0.62843123 0.82140539 0.6340743
 0.69114095 0.62728044 0.90359508 0.63387846]
[0.6729824  0.56072392 0.65426924 0.70362716 0.71973656 0.60359423
 0.92787128 0.60217017 0.78986069 0.75456651 0.01969394 0.66780867
 0.79946383 0.78182903 0.69308734 0.74844666 0.74407401 0.73939027
 0.82483509 0.71057184 0.81386662 0.88645036 0.68735187 0.75355318
 0.65543401 0.71422084 0.82751792 0.73800788 0.73393316 0.8433799
 0.68668004 0.79112147 0.74356277 0.64492438 0.82695852 0.65586793
 0.73454821 0.62098166 0.72839698 0.64499072]

====epoch 11
====Evaluation
[0.65346911 0.60160645 0.64983291 0.67263656 0.70267267 0.60505993
 0.83514083 0.70481488 0.77947546 0.77132857 0.03418876 0.62495965
 0.75271899 0.74002884 0.68418517 0.68680437 0.71780349 0.69061453
 0.81408622 0.69292732 0.79185701 0.79815163 0.72117362 0.728419
 0.61766407 0.74401798 0.47560324 0.73469032 0.74156406 0.80626801
 0.74679827 0.78650449 0.7044226  0.64286029 0.82591435 0.59411973
 0.69702275 0.6273612  0.87729691 0.61831617]
[0.67053467 0.55794302 0.65271925 0.6983128  0.69885303 0.59551083
 0.77937583 0.59217093 0.80306881 0.72236608 0.03444551 0.68056408
 0.80303504 0.74200695 0.68013878 0.76501564 0.75323442 0.74017767
 0.83597133 0.71823132 0.79819668 0.89584504 0.64449012 0.72907859
 0.60871837 0.70827564 0.3492302  0.73335658 0.73011468 0.83640889
 0.76009562 0.80932451 0.73358096 0.62457955 0.82421737 0.59715833
 0.71817465 0.61917206 0.57653246 0.63315035]

====epoch 12
====Evaluation
[0.63435138 0.5465393  0.62997391 0.64972616 0.66148348 0.57801884
 0.86188247 0.65166492 0.79348949 0.6444495  0.06765662 0.60433676
 0.71330755 0.76937371 0.66683853 0.65956827 0.66333551 0.68385587
 0.74836673 0.65022655 0.80871097 0.77164262 0.72727768 0.7377702
 0.68664935 0.79475315 0.55592039 0.73120456 0.68476988 0.79447689
 0.65879481 0.73449577 0.67702306 0.63407523 0.82899274 0.60308392
 0.64249201 0.59150414 0.81093773 0.62501918]
[0.64801967 0.52554522 0.63932421 0.68406967 0.65336871 0.57385995
 0.84676138 0.59030012 0.78458932 0.59790615 0.06920383 0.65914644
 0.76993716 0.78034411 0.64590915 0.74520043 0.72817998 0.70998991
 0.7888061  0.65536673 0.79221807 0.8953414  0.6089077  0.75255026
 0.6650431  0.7719169  0.53701275 0.75127653 0.68883994 0.81642168
 0.66177182 0.75703194 0.71212553 0.59753176 0.82679965 0.57097103
 0.7077168  0.59932848 0.63055944 0.56122458]

====epoch 13
====Evaluation
[0.65265496 0.58478502 0.64338731 0.65255569 0.67137171 0.60435484
 0.37604255 0.68653801 0.76300279 0.71952873 0.09850349 0.61206916
 0.75563865 0.77136856 0.67549349 0.71702926 0.63687698 0.67645664
 0.78681724 0.66899391 0.81248733 0.77438886 0.70946763 0.71793098
 0.64278442 0.74968052 0.43571702 0.71500712 0.73263388 0.79104249
 0.73330909 0.71276203 0.70179362 0.62325482 0.80328493 0.61979895
 0.6883896  0.60163941 0.85524847 0.62921058]
[0.6706029  0.55754452 0.64511735 0.66822099 0.68642919 0.59515785
 0.27944627 0.58840037 0.78475203 0.69483238 0.09852705 0.6739789
 0.78801389 0.77090128 0.6907111  0.79440797 0.69014881 0.74467595
 0.79103689 0.69648468 0.81359186 0.89459564 0.67347037 0.73502276
 0.65956917 0.73492473 0.32815465 0.74069739 0.68858967 0.81454555
 0.70036854 0.71007724 0.70328684 0.60928615 0.8060981  0.59576625
 0.68933293 0.61365965 0.56336252 0.57347309]

====epoch 14
====Evaluation
[0.64770412 0.60476143 0.63962239 0.67286112 0.69031231 0.59536398
 0.26774265 0.71155839 0.79314879 0.74867465 0.09398032 0.63247845
 0.74491723 0.72426056 0.63121836 0.69800777 0.69922303 0.69359036
 0.77695203 0.67462119 0.79933967 0.80278323 0.70338173 0.75169306
 0.68305801 0.75927966 0.41994008 0.76056145 0.73657316 0.81492794
 0.79675844 0.77321082 0.70419399 0.61382065 0.79506555 0.63428157
 0.67448041 0.61185544 0.8314146  0.59826772]
[0.66884501 0.59562273 0.64548384 0.68136088 0.70065556 0.57822897
 0.14779114 0.60436015 0.81239249 0.73281409 0.0931575  0.69417715
 0.79885206 0.74162286 0.64715349 0.75014689 0.74041078 0.72891581
 0.81299447 0.69999765 0.79453439 0.89558354 0.65873438 0.75060619
 0.6702726  0.72033319 0.30545545 0.75092177 0.7270594  0.84090454
 0.81317767 0.78408809 0.72344148 0.563781   0.77271913 0.66250555
 0.72281837 0.65273732 0.59123098 0.64578007]

====epoch 15
====Evaluation
[0.65758658 0.57257081 0.64355838 0.65005862 0.68907307 0.60138123
 0.27243769 0.68965072 0.79036682 0.74175222 0.15964104 0.59851096
 0.74946685 0.74239314 0.62441279 0.73038258 0.66316636 0.66614968
 0.78536491 0.63889566 0.79241558 0.7851319  0.74487598 0.69050751
 0.62866494 0.79446672 0.43730581 0.72726326 0.6956357  0.76466779
 0.73000519 0.72313949 0.67350584 0.60312125 0.79566373 0.58322538
 0.65553358 0.61618817 0.85351882 0.62770846]
[0.67612305 0.53192449 0.65148354 0.6651521  0.70718837 0.58527624
 0.1660255  0.57698583 0.79456644 0.7202448  0.15698537 0.67484119
 0.79766784 0.74955675 0.65160733 0.78308289 0.72852755 0.7254997
 0.81375703 0.68742473 0.7862412  0.90557385 0.72348247 0.71688714
 0.67852273 0.76062709 0.3428757  0.73642814 0.67987482 0.78358499
 0.71738666 0.73997562 0.66343238 0.60575318 0.80385666 0.53682968
 0.69154336 0.59585491 0.53700537 0.61847098]

====epoch 16
====Evaluation
[0.65791801 0.59561919 0.63612655 0.64439153 0.67873674 0.61118709
 0.1524924  0.66554896 0.77484897 0.67615273 0.04639504 0.64254149
 0.75165919 0.77299788 0.66441038 0.72657324 0.64322695 0.68579772
 0.72724469 0.63549574 0.79745379 0.79250263 0.7145977  0.72183354
 0.65085887 0.78927423 0.42008131 0.72481763 0.7291609  0.77472394
 0.74921212 0.69083101 0.69191349 0.63230942 0.82293471 0.58010778
 0.66397915 0.58627095 0.85017111 0.61789219]
[0.68006619 0.54843739 0.64608281 0.66448274 0.68828843 0.58873805
 0.03559684 0.57471968 0.78913494 0.6513574  0.04558935 0.6972237
 0.80180494 0.77049147 0.68104761 0.77768475 0.70705589 0.71896225
 0.76425731 0.67341603 0.79141988 0.90072155 0.676316   0.70617642
 0.64129957 0.73192625 0.24911177 0.7027926  0.69177627 0.81165339
 0.75376362 0.70287343 0.71171316 0.62977011 0.83349798 0.53182121
 0.70362038 0.59707659 0.58686979 0.63081367]

====epoch 17
====Evaluation
[0.65232719 0.60722358 0.64973094 0.69072123 0.70720854 0.59933949
 0.40138602 0.74208639 0.796189   0.70211783 0.04024745 0.6142653
 0.74363339 0.70908121 0.6605324  0.7191173  0.67117557 0.69263205
 0.80648695 0.68233861 0.80912852 0.78608526 0.71439201 0.73938449
 0.69400866 0.75280556 0.63917807 0.77316741 0.74613479 0.79350926
 0.73618355 0.80542066 0.71312873 0.60153147 0.80940221 0.58268995
 0.67236609 0.61769029 0.8844201  0.58548758]
[0.67100137 0.56791273 0.65652889 0.71411063 0.70656781 0.56978953
 0.30181906 0.62649223 0.79658872 0.64937784 0.03843446 0.68826299
 0.80137561 0.73691945 0.65601507 0.78446364 0.7408763  0.74056128
 0.85232538 0.71734278 0.81919311 0.90312833 0.64185409 0.75681679
 0.71041773 0.70836292 0.65925733 0.77359915 0.74493761 0.83946876
 0.73614076 0.82256518 0.73251668 0.57215366 0.82964189 0.5793084
 0.70567617 0.6052562  0.58557438 0.62338204]

====epoch 18
====Evaluation
[0.65440423 0.59907148 0.63569935 0.66571037 0.69132799 0.56897806
 0.30819656 0.71346431 0.79905777 0.73316739 0.06105347 0.60386209
 0.75405803 0.73867212 0.62325381 0.67007261 0.65693327 0.68403745
 0.74341955 0.5970808  0.81621483 0.79416745 0.68123714 0.77877142
 0.71103723 0.77642885 0.41924908 0.69168734 0.71569642 0.81485495
 0.77387013 0.75714257 0.69918963 0.58802658 0.7656332  0.56668739
 0.62798487 0.59471835 0.84823687 0.64110236]
[0.66612902 0.57360414 0.6461861  0.68679834 0.70233008 0.52201351
 0.19761506 0.61097806 0.82468633 0.73305502 0.06067583 0.67683109
 0.79752473 0.73907482 0.6532812  0.70643664 0.71139474 0.73754896
 0.76510461 0.66271041 0.80763412 0.89870218 0.54910117 0.76656995
 0.69692913 0.71835392 0.26269309 0.65505155 0.70368764 0.81846944
 0.77260309 0.75112361 0.68221649 0.55569873 0.79570256 0.49489065
 0.71306246 0.57604639 0.55476968 0.63933963]

====epoch 19
====Evaluation
[0.6401752  0.59273343 0.64389695 0.67428427 0.69768702 0.56725674
 0.18526444 0.72358307 0.79811924 0.75006858 0.05913063 0.60610649
 0.76181694 0.73904469 0.64565137 0.67748501 0.64035511 0.69175947
 0.80094232 0.6824052  0.80560748 0.79464413 0.67514822 0.71745026
 0.60075844 0.79070271 0.38240427 0.70780083 0.73612143 0.78591428
 0.72371948 0.77100279 0.72655465 0.6011519  0.79886063 0.5703318
 0.64810024 0.63535635 0.85395588 0.66279427]
[0.65272905 0.55758347 0.64522545 0.69596526 0.70130614 0.51915855
 0.04985064 0.62372943 0.79860326 0.71311462 0.05921863 0.68021238
 0.78985248 0.7398893  0.66566935 0.69684484 0.7230085  0.7400323
 0.84141045 0.724761   0.82086949 0.90688136 0.47905683 0.73936844
 0.65698133 0.74441427 0.25305309 0.7011977  0.72208621 0.83245068
 0.74727511 0.80225646 0.71171922 0.55252874 0.81156306 0.48384477
 0.69420255 0.59981122 0.58350174 0.61426854]

====epoch 20
====Evaluation
[0.66045271 0.58236073 0.65804605 0.69819277 0.68904838 0.59930389
 0.50122796 0.73112469 0.79947659 0.76217226 0.07437039 0.62311872
 0.75427883 0.73560563 0.67054906 0.72600253 0.68491326 0.66424061
 0.76075288 0.65538936 0.82365048 0.77685051 0.73279492 0.74120991
 0.6126961  0.77293292 0.51327019 0.69811626 0.73047966 0.80711772
 0.70539221 0.79249626 0.7126858  0.6118733  0.7836803  0.59338999
 0.66700798 0.58234201 0.89233373 0.6367979 ]
[0.67774119 0.56128811 0.6653254  0.72571837 0.70316052 0.55578225
 0.3756527  0.63321907 0.80544493 0.75588959 0.07301464 0.70676134
 0.79643556 0.7345103  0.67169382 0.78289928 0.73945944 0.73490006
 0.80833182 0.70305555 0.82096339 0.89581598 0.65433293 0.75250103
 0.68240001 0.72267932 0.434895   0.71862644 0.74147843 0.83840761
 0.7149677  0.78559008 0.71407216 0.56206897 0.81553468 0.50101884
 0.69628563 0.60521575 0.57702472 0.59488442]

====epoch 21
====Evaluation
[0.65967083 0.5719612  0.63675848 0.66790998 0.67892693 0.59353624
 0.21270922 0.71609442 0.81293726 0.74790133 0.05169011 0.5894827
 0.76317286 0.73352095 0.64734285 0.68888094 0.63712026 0.67539241
 0.75107225 0.64524401 0.81642683 0.77002049 0.70663037 0.71827852
 0.63452814 0.75569192 0.56193257 0.71476147 0.71502854 0.77392476
 0.74289524 0.75472209 0.69382332 0.61830944 0.77081088 0.59219821
 0.67597724 0.60729255 0.84826477 0.62810418]
[0.66484928 0.57879781 0.64953411 0.69044408 0.69377819 0.54361001
 0.09587614 0.61182434 0.81183204 0.7178841  0.04893343 0.67004538
 0.79686053 0.74925068 0.66478817 0.74091129 0.71591012 0.71577226
 0.78185069 0.69524701 0.80832275 0.89906053 0.65409109 0.73739927
 0.62571423 0.71289837 0.50820737 0.71296543 0.69059183 0.80199715
 0.74531859 0.74590851 0.67845967 0.52649728 0.79185514 0.5099766
 0.69680412 0.6164253  0.59480629 0.62268238]

====epoch 22
====Evaluation
[0.63595977 0.5700479  0.60968971 0.67735695 0.69320954 0.58609255
 0.09225127 0.73102922 0.81144645 0.63975316 0.02347802 0.57777968
 0.75591009 0.71444483 0.60681497 0.67466353 0.6041616  0.68542448
 0.76914633 0.63698335 0.80815701 0.79728009 0.65172414 0.7210881
 0.64950649 0.78313797 0.36582536 0.69122869 0.71246873 0.76653378
 0.7697316  0.75176794 0.71548386 0.59255388 0.79860668 0.59649032
 0.67865043 0.61001413 0.83401838 0.63899051]
[0.6432041  0.56120098 0.61931755 0.70112404 0.67772353 0.53945497
 0.02547662 0.62863803 0.80769708 0.59852872 0.02624243 0.66762819
 0.78838532 0.71187975 0.65047912 0.71095712 0.69740497 0.72430042
 0.79518737 0.68515533 0.80440657 0.90959806 0.50748085 0.73507585
 0.66776549 0.72771772 0.23311727 0.66632808 0.68331417 0.79517718
 0.76099206 0.75054736 0.68100667 0.5353176  0.78762644 0.50801457
 0.71074287 0.59454693 0.61808902 0.60897626]

====epoch 23
====Evaluation
[0.63445392 0.55783744 0.61259047 0.66934115 0.69743076 0.59976518
 0.17889362 0.71862091 0.81182187 0.65111417 0.04546808 0.56026192
 0.73823761 0.7247292  0.61652903 0.6613125  0.59421565 0.66487108
 0.74566606 0.61195696 0.83882873 0.79727653 0.66071083 0.73762079
 0.69264762 0.79110666 0.40774926 0.70586827 0.69378021 0.73184541
 0.76126753 0.71778762 0.7266118  0.6039299  0.77274087 0.54393146
 0.67412086 0.54824955 0.7924695  0.63481123]
[0.65114954 0.57188582 0.61700792 0.67818419 0.70155606 0.53061519
 0.05590043 0.59907145 0.80362668 0.60473111 0.04435376 0.65353462
 0.78035092 0.73281104 0.64070317 0.70011678 0.67500851 0.68699374
 0.76802841 0.65955444 0.80933136 0.9051816  0.53447803 0.74052098
 0.66560372 0.73490402 0.2881111  0.68928441 0.61601629 0.77892261
 0.74828538 0.68605541 0.69004245 0.5439141  0.80953825 0.43056732
 0.69163736 0.54250539 0.59615351 0.61615224]

====epoch 24
====Evaluation
[0.66108558 0.58140013 0.6171321  0.66091598 0.66440841 0.59002627
 0.04287741 0.72188264 0.80329584 0.73149623 0.13437043 0.63888572
 0.75121631 0.68458367 0.63779037 0.69922025 0.58335361 0.68535387
 0.69836066 0.6468242  0.8333702  0.78445602 0.64248034 0.72897442
 0.69389784 0.78790817 0.35425493 0.71292997 0.71264117 0.72029197
 0.79030649 0.71335387 0.71994409 0.59791183 0.73866413 0.52801527
 0.66430352 0.54007268 0.86263205 0.64226933]
[0.66551964 0.55044506 0.61837023 0.67680341 0.68111535 0.5240827
 0.00912204 0.61452925 0.80621458 0.70688287 0.13405887 0.71415482
 0.77051507 0.67707315 0.65839592 0.74327252 0.65191534 0.74923885
 0.69141779 0.70019673 0.8000713  0.90850363 0.62562676 0.75053862
 0.67437188 0.72633312 0.21992436 0.67517283 0.66654607 0.77876374
 0.82500213 0.63400114 0.69332323 0.54410768 0.81023726 0.44018581
 0.64032747 0.58015372 0.56255074 0.64965959]

====epoch 25
====Evaluation
[0.62674018 0.57859323 0.62023242 0.66633846 0.68305639 0.59329553
 0.04885714 0.70394924 0.71820478 0.71211944 0.16146051 0.57420382
 0.73551147 0.71816976 0.63510222 0.66351743 0.61178879 0.6704142
 0.77793564 0.6395404  0.82018936 0.78706708 0.65806413 0.73263987
 0.62276017 0.8003092  0.41646996 0.69130021 0.69550455 0.74255662
 0.74456797 0.73896241 0.71170232 0.60976643 0.76029751 0.44749296
 0.63753254 0.5719362  0.81698222 0.64688472]
[0.65107996 0.56320821 0.63226817 0.68842912 0.6896454  0.51206568
 0.01209715 0.6024025  0.75628509 0.67995959 0.16156468 0.66977698
 0.75302171 0.71344012 0.6493417  0.71146022 0.6950352  0.70327075
 0.79459552 0.70166096 0.7848161  0.9079661  0.49272068 0.75315453
 0.62729744 0.74934764 0.23176105 0.63825804 0.66227166 0.76228949
 0.76543869 0.74936598 0.68680109 0.56323049 0.82662057 0.39410584
 0.63996665 0.61176645 0.53280826 0.60976113]

====epoch 26
====Evaluation
[0.60546884 0.59288427 0.63226126 0.68660925 0.69859793 0.59529625
 0.13104154 0.72593317 0.79111548 0.77385962 0.10318931 0.59106178
 0.76266764 0.71806197 0.64574024 0.66079221 0.65278517 0.66190534
 0.80978264 0.67216565 0.82306149 0.76767267 0.64984271 0.73492489
 0.6784381  0.77443118 0.47681879 0.75990224 0.72143291 0.78961071
 0.73399827 0.79803529 0.70628718 0.60777508 0.78592208 0.50874829
 0.65001133 0.64451444 0.8242635  0.64196245]
[0.62633119 0.56052544 0.63955318 0.71606749 0.70362458 0.53733272
 0.03914268 0.62650899 0.81532132 0.75292354 0.10567161 0.67750982
 0.7754715  0.70792738 0.66752204 0.72033961 0.7277996  0.69034928
 0.82187083 0.68817008 0.80326667 0.89227603 0.55257557 0.76846285
 0.68907367 0.72044266 0.38398258 0.74442389 0.71695691 0.82612695
 0.75804661 0.81347233 0.69697999 0.58436782 0.83183134 0.46253985
 0.66914797 0.64573625 0.56348343 0.62933811]

====epoch 27
====Evaluation
[0.64751712 0.57151138 0.63143255 0.68275537 0.69355689 0.6028541
 0.9760304  0.70728141 0.78844201 0.74388104 0.06040219 0.61042046
 0.76819849 0.73057787 0.68843626 0.71581908 0.66354078 0.68746722
 0.76399271 0.66493382 0.81804171 0.76151143 0.67289171 0.75333983
 0.66498182 0.78485289 0.51122745 0.74054553 0.73173285 0.7822113
 0.70851255 0.75390008 0.71812952 0.5999967  0.81329041 0.5478954
 0.69317711 0.56993337 0.83173077 0.66743792]
[0.66163815 0.5603877  0.64802521 0.70998246 0.70253572 0.55917171
 0.96505404 0.60463742 0.80946367 0.72418418 0.06179848 0.68916384
 0.76552586 0.70823602 0.67621771 0.77512155 0.72094647 0.73154452
 0.76011948 0.68502391 0.81110164 0.87469249 0.59524385 0.77178437
 0.64213378 0.72938486 0.45970813 0.74869618 0.72263383 0.80873474
 0.70614559 0.76408554 0.71224682 0.5692196  0.84571036 0.50119538
 0.7122074  0.60292611 0.58120455 0.62096912]

====epoch 28
====Evaluation
[0.65786822 0.60497115 0.64124953 0.68491926 0.71595262 0.58446798
 0.15873151 0.72245547 0.78201439 0.77444423 0.04346598 0.62328723
 0.75885248 0.7226164  0.63373391 0.70863588 0.66349897 0.66024593
 0.80064117 0.68013317 0.81257397 0.78201571 0.69202057 0.74759399
 0.67068745 0.78953862 0.41806884 0.73217473 0.73036308 0.78414561
 0.74456797 0.7655017  0.72528064 0.6084847  0.76280311 0.53929392
 0.66791077 0.63121744 0.85185426 0.64937614]
[0.66916427 0.57958952 0.6428279  0.70937465 0.72522481 0.51627949
 0.07270188 0.60623248 0.78776092 0.74346253 0.0452409  0.70118422
 0.76226054 0.70060392 0.66801425 0.75692211 0.72065279 0.71584494
 0.8234516  0.6996946  0.81201461 0.89695884 0.59832326 0.76675914
 0.69461263 0.73028574 0.32674749 0.73946331 0.71328959 0.80021615
 0.7795754  0.78492285 0.7141419  0.60200242 0.81670739 0.47504085
 0.69392965 0.60075512 0.61271741 0.5781285 ]

====epoch 29
====Evaluation
[0.6345243  0.57870267 0.63930175 0.65468969 0.69412779 0.57060341
 0.2997619  0.67937827 0.74653013 0.72757613 0.06999919 0.5949794
 0.73800902 0.74347961 0.64607809 0.7036599  0.63018299 0.66307045
 0.7448731  0.64544377 0.80442397 0.78872478 0.67164549 0.70668128
 0.58571429 0.77432101 0.43961082 0.72321623 0.71341348 0.76386861
 0.70631342 0.72768959 0.72496154 0.59425918 0.81108672 0.53530407
 0.63963904 0.58583081 0.81693572 0.64909348]
[0.64659985 0.57177272 0.64512031 0.67641846 0.71338179 0.50221828
 0.20538191 0.58970369 0.77638138 0.70392491 0.06933637 0.67274794
 0.73197844 0.71045484 0.66132704 0.74810514 0.70058705 0.6992449
 0.77103567 0.68009674 0.80055473 0.89523002 0.57870214 0.72030711
 0.64239391 0.72844552 0.34574096 0.72736507 0.67533278 0.79798206
 0.72489968 0.73621485 0.715      0.55813672 0.82778461 0.41082597
 0.67597938 0.60394283 0.55628098 0.58335352]

====epoch 30
====Evaluation
[0.653984   0.58056936 0.63346139 0.6898354  0.70111745 0.57217689
 0.7740689  0.71629526 0.74397275 0.72569001 0.12156937 0.60892525
 0.75259951 0.71162594 0.66239501 0.74773777 0.62073881 0.65608986
 0.79431937 0.65785546 0.80739749 0.7809414  0.7053539  0.72562241
 0.66815238 0.75562582 0.47337389 0.73527802 0.69402307 0.77018716
 0.73647446 0.78298632 0.70653246 0.58535311 0.79899042 0.49791872
 0.65899622 0.6079467  0.82410542 0.64918635]
[0.66891947 0.55143569 0.63409729 0.71245462 0.69716607 0.50022669
 0.66467031 0.62540448 0.76778861 0.7087364  0.12366394 0.69297396
 0.75364987 0.69194642 0.66825205 0.77571277 0.71885476 0.68116293
 0.8127074  0.68876244 0.80163812 0.89451332 0.65630794 0.77173418
 0.66174663 0.7078718  0.51985941 0.71694512 0.69038368 0.81228694
 0.73185776 0.78809148 0.70732868 0.59863884 0.82324685 0.41348404
 0.65549424 0.6255205  0.56924366 0.57558103]

====epoch 31
====Evaluation
[0.66433464 0.57515051 0.61024775 0.69095307 0.67257824 0.59770254
 0.23179534 0.73085516 0.69634177 0.71895871 0.07242583 0.61633092
 0.7712162  0.70343094 0.65054953 0.71075142 0.63185364 0.66336803
 0.75809836 0.64592935 0.81065491 0.78673269 0.68494253 0.72553309
 0.6665039  0.77552916 0.41125469 0.69984515 0.70508075 0.79372263
 0.7241039  0.77186779 0.71535765 0.58900025 0.80836385 0.50772061
 0.66910276 0.56633555 0.80944056 0.62849182]
[0.67052776 0.56709593 0.6116418  0.71724451 0.68938153 0.52285583
 0.15140984 0.64594912 0.73893684 0.69460259 0.0730036  0.71272024
 0.77138575 0.67364891 0.64368223 0.78849939 0.69034095 0.67071674
 0.80841275 0.68980593 0.80311277 0.89980145 0.63426844 0.75652334
 0.66841805 0.7107268  0.39588931 0.68578078 0.69172424 0.82780988
 0.75594781 0.76649163 0.69099757 0.59950998 0.84289123 0.41721139
 0.67445118 0.60755394 0.56821597 0.60141457]

====epoch 32
====Evaluation
[0.64670136 0.55172471 0.62768119 0.70232735 0.70589756 0.57263896
 0.28410334 0.74408429 0.74305375 0.67330361 0.13805278 0.58188638
 0.75035522 0.68685503 0.60744661 0.65710435 0.57478371 0.65692713
 0.75592957 0.62153471 0.82394821 0.78300464 0.6699758  0.72760211
 0.64206753 0.79243599 0.52616209 0.70000684 0.71187128 0.7514898
 0.7412658  0.78270558 0.70070297 0.59021597 0.74242818 0.54426827
 0.64593511 0.55147587 0.84717676 0.6401171 ]
[0.65718218 0.5360866  0.63341225 0.7282494  0.70282871 0.49801149
 0.22283424 0.62932358 0.78344775 0.620393   0.13759677 0.66526808
 0.75454895 0.66556069 0.63545849 0.70059783 0.64915426 0.67779931
 0.75126462 0.66830644 0.80662203 0.89917676 0.56619911 0.75877823
 0.65332831 0.71688945 0.45912234 0.67555185 0.65851761 0.79877448
 0.71151    0.75973553 0.66700121 0.54603751 0.77531441 0.40220615
 0.63356883 0.58399676 0.56196349 0.57027529]

====epoch 33
====Evaluation
[0.66031606 0.5864037  0.61483938 0.69724789 0.68336136 0.59213419
 0.17294428 0.74958086 0.74770845 0.68898159 0.04411692 0.61517825
 0.75757383 0.66318231 0.64414792 0.7177673  0.59861939 0.6821309
 0.80865574 0.64734551 0.81345515 0.78250662 0.67145796 0.73101259
 0.62771602 0.78336565 0.41449784 0.74628569 0.69786278 0.75641119
 0.74550996 0.76694589 0.72639034 0.61596053 0.79604183 0.45207869
 0.6837037  0.55196043 0.87758518 0.63343024]
[0.67939867 0.55177566 0.62086847 0.72191551 0.69095506 0.51613391
 0.06189192 0.64555683 0.7656346  0.63981965 0.04592069 0.70139478
 0.75286767 0.64706598 0.65420109 0.78874543 0.67004715 0.71812235
 0.80793978 0.6800222  0.79287366 0.90485714 0.60654575 0.73657203
 0.64427312 0.72083023 0.37520853 0.73782596 0.65186191 0.7998729
 0.79253109 0.77784614 0.72235294 0.58626134 0.82318042 0.45210931
 0.67001516 0.56045847 0.65341037 0.56243104]

====epoch 34
====Evaluation
[0.6389162  0.59028585 0.63161718 0.69211996 0.70279613 0.57311185
 0.11098278 0.74276516 0.73069328 0.74443793 0.09651793 0.62145499
 0.7426106  0.71422847 0.68302324 0.70867026 0.64347023 0.67721825
 0.78144748 0.67325051 0.82705077 0.77751217 0.70182093 0.72029233
 0.60249351 0.76254425 0.45031877 0.71753204 0.73454523 0.76278214
 0.71770043 0.78669671 0.73265085 0.58798257 0.78819207 0.49445567
 0.68774084 0.53779124 0.832577   0.640319  ]
[0.65858182 0.5771224  0.63284585 0.71459536 0.71574997 0.50925239
 0.03902611 0.64939671 0.75947994 0.70965152 0.09808419 0.70542703
 0.74148437 0.68944125 0.6663883  0.75963219 0.69951542 0.71357157
 0.7979847  0.71192132 0.80942179 0.89802179 0.58532044 0.72770596
 0.61300153 0.72001811 0.36027736 0.72044269 0.70631672 0.81083742
 0.73705854 0.80028365 0.73595058 0.51572293 0.80866016 0.39623431
 0.65217101 0.58963592 0.56642399 0.56756187]

====epoch 35
====Evaluation
[0.64281199 0.59017245 0.63570293 0.70256576 0.71301168 0.60020015
 0.18319352 0.74625451 0.65207975 0.73533901 0.08262657 0.60965783
 0.78239155 0.71208521 0.67949046 0.71272256 0.63528046 0.67638351
 0.81843837 0.69404141 0.82200703 0.78394377 0.67850575 0.7204052
 0.57809524 0.77073694 0.44589033 0.76219395 0.74451002 0.76231705
 0.71025108 0.80750475 0.72852162 0.58090282 0.78123395 0.49081127
 0.70750057 0.60076721 0.82357536 0.66216838]
[0.65890799 0.58951654 0.6432464  0.7246912  0.71057564 0.5457954
 0.07704675 0.64599634 0.71708171 0.70585335 0.08242766 0.68906126
 0.76850387 0.69862344 0.66789626 0.77675935 0.69676449 0.71529578
 0.83754199 0.7185883  0.81065125 0.90487651 0.61676743 0.72570494
 0.60544657 0.71783322 0.34534619 0.7702547  0.70713691 0.80951933
 0.73269729 0.8249106  0.73071104 0.55209921 0.8068751  0.37480834
 0.63751364 0.6353479  0.58141182 0.59887158]

====epoch 36
====Evaluation
[0.64467479 0.59053281 0.62252056 0.70661867 0.69247648 0.5789213
 0.63652482 0.7721644  0.71319419 0.72397946 0.0700364  0.61390534
 0.75663481 0.6838151  0.68692326 0.70065735 0.61114068 0.67262337
 0.80530176 0.68088023 0.83213323 0.79635163 0.63874773 0.71625497
 0.58911861 0.76328236 0.50883166 0.7380175  0.75376321 0.75003556
 0.73631861 0.79711717 0.73439159 0.59279592 0.80087245 0.54642728
 0.6959441  0.58874218 0.79919283 0.65531597]
[0.6523963  0.59452736 0.63163236 0.73972411 0.7065023  0.52164562
 0.5592714  0.67342855 0.74044516 0.69267718 0.07018219 0.70117882
 0.73346472 0.6592729  0.67536602 0.76792403 0.66961131 0.71689481
 0.79862713 0.70659598 0.82255456 0.91696368 0.59245466 0.72244037
 0.63126217 0.71656105 0.39231729 0.75252881 0.71417916 0.82968895
 0.69412192 0.78803083 0.73897817 0.51120387 0.83759958 0.4489973
 0.65042147 0.56180151 0.59513446 0.54482298]

====epoch 37
====Evaluation
[0.65505153 0.56310004 0.61025114 0.68298576 0.67901702 0.58503724
 0.17849848 0.7278193  0.76388383 0.71834346 0.07431008 0.6069253
 0.76410019 0.67078994 0.67696683 0.68120496 0.56940305 0.67843381
 0.71640559 0.64500122 0.81033415 0.79110817 0.64946158 0.75451644
 0.63040346 0.77132816 0.43553545 0.69803541 0.68391985 0.7323994
 0.71014719 0.72323813 0.69476632 0.58668984 0.75891774 0.51893017
 0.68320736 0.57040985 0.81796794 0.65517868]
[0.66969296 0.54536603 0.62543109 0.69232448 0.69903016 0.52344252
 0.09702489 0.6280553  0.78828909 0.66778763 0.07557062 0.68568846
 0.74736884 0.65327318 0.67630435 0.76578313 0.6486942  0.71731072
 0.73074997 0.68793078 0.78171637 0.92129782 0.58772269 0.75738823
 0.62924841 0.69259387 0.32595158 0.72066555 0.63123445 0.80044172
 0.72550443 0.70190291 0.67874469 0.56906836 0.78911688 0.47020135
 0.67852638 0.56528047 0.57480526 0.58663653]

====epoch 38
====Evaluation
[0.62835189 0.57160563 0.63012965 0.69255776 0.72123991 0.58219521
 0.11854914 0.73663174 0.77358818 0.67304194 0.05458334 0.61975092
 0.77421184 0.67904978 0.6347438  0.70414581 0.62471871 0.6802647
 0.76192835 0.68001462 0.82388    0.77941888 0.6576951  0.72311977
 0.62135758 0.77608734 0.38873926 0.70118224 0.71328476 0.75256036
 0.73147706 0.77571729 0.72322794 0.58608474 0.74421144 0.46887576
 0.66409248 0.57102362 0.80045752 0.65123763]
[0.64110429 0.56920988 0.63547514 0.72045523 0.71854459 0.51507893
 0.03881967 0.65280545 0.80211836 0.63947546 0.05384587 0.69175842
 0.76285483 0.65745532 0.65964856 0.75710939 0.69814855 0.69064002
 0.78249565 0.71131719 0.80988262 0.91673123 0.57264813 0.75089288
 0.61171883 0.70411149 0.26171253 0.71777441 0.69730947 0.81570281
 0.73490993 0.78881937 0.71814433 0.51816697 0.79630913 0.40970625
 0.66498484 0.59400216 0.56666149 0.59505934]

====epoch 39
====Evaluation
[0.65564858 0.5597836  0.61435602 0.68420477 0.70374174 0.57850413
 0.21001216 0.73670858 0.70082721 0.67422527 0.01723394 0.62546201
 0.77501253 0.71150409 0.62729925 0.72072171 0.57110791 0.66398842
 0.78254038 0.65770686 0.80331051 0.78572953 0.64353297 0.70295899
 0.61830996 0.79788738 0.47442299 0.73280285 0.69150698 0.72373011
 0.75308745 0.74455961 0.68201194 0.6254442  0.76875109 0.54167746
 0.65605337 0.58752675 0.88037494 0.63821522]
[0.67355337 0.5520901  0.62578962 0.72052327 0.71023473 0.51223888
 0.09108197 0.64144424 0.76323782 0.62713343 0.01931414 0.69410157
 0.75761217 0.68042024 0.63019721 0.81977555 0.65547469 0.67838886
 0.77804419 0.6974458  0.79273802 0.90659564 0.6169206  0.71312449
 0.64183328 0.74486101 0.38655494 0.73719224 0.65207253 0.76956648
 0.74861977 0.74966927 0.64489691 0.55621295 0.80333096 0.48280575
 0.64408126 0.57030205 0.6857091  0.64733637]

====epoch 40
====Evaluation
[0.66519561 0.58481831 0.62904423 0.70262372 0.70409743 0.5767236
 0.02712867 0.74321923 0.66320765 0.72413704 0.06105209 0.63917448
 0.78071937 0.7112026  0.65771205 0.72127409 0.61716944 0.67203829
 0.79717061 0.66970686 0.82357398 0.79282279 0.68509982 0.73174015
 0.62932294 0.74000059 0.37922164 0.69832149 0.72927505 0.74008984
 0.76553074 0.79849561 0.72095139 0.62151101 0.73034317 0.49615697
 0.64963224 0.57254593 0.84415452 0.63818292]
[0.67984281 0.57806925 0.6291232  0.72740955 0.71981421 0.49771244
 0.00607893 0.65257693 0.71773515 0.6958376  0.06179385 0.70947161
 0.79353293 0.66810787 0.67841882 0.80469748 0.70318958 0.72824147
 0.80998088 0.73125929 0.81189636 0.92074092 0.67056026 0.75233404
 0.63745369 0.68876256 0.24990131 0.73860522 0.71116849 0.79887256
 0.78087737 0.80195895 0.71346574 0.58108288 0.77230897 0.36231994
 0.67048817 0.56833333 0.58617027 0.66455872]

====epoch 41
====Evaluation
[0.62891438 0.54497263 0.61410428 0.69870094 0.67245646 0.58188523
 0.63796758 0.7473827  0.68602764 0.70216063 0.02155587 0.63178385
 0.75654585 0.62164022 0.65953793 0.62292801 0.60708665 0.67868599
 0.78344627 0.67005765 0.82468928 0.78245681 0.6284634  0.72208526
 0.66305108 0.77776921 0.5012559  0.70889071 0.70161506 0.74076174
 0.72956537 0.78558132 0.72346369 0.59899002 0.72762594 0.47067206
 0.6803075  0.50637997 0.79378999 0.65168988]
[0.64443839 0.52535885 0.62437401 0.7270246  0.68481442 0.51931422
 0.57397693 0.64889244 0.72193209 0.67688724 0.02149673 0.70684155
 0.75061232 0.59999417 0.66620764 0.72216102 0.66253792 0.72510398
 0.80876432 0.72293881 0.81027389 0.9168862  0.48232971 0.74167159
 0.64236027 0.72053289 0.47782928 0.71411158 0.67778345 0.80958405
 0.74989328 0.78438849 0.70254397 0.52989716 0.77805988 0.39104931
 0.65801092 0.5787945  0.58870926 0.59024694]

====epoch 42
====Evaluation
[0.62299203 0.55575104 0.60712931 0.68644959 0.69955522 0.60577972
 0.18197974 0.74487717 0.57940559 0.74318165 0.04644535 0.60095551
 0.75460482 0.67642928 0.62568489 0.67981141 0.5992751  0.65486422
 0.78480874 0.6428039  0.83977535 0.76726714 0.62875983 0.75056922
 0.64258355 0.78019286 0.43484949 0.72028085 0.74631451 0.74621187
 0.75439307 0.76155609 0.73570371 0.59733423 0.74774129 0.45444496
 0.67358153 0.57168988 0.79584511 0.62078336]
[0.63557961 0.56911218 0.62374061 0.71736531 0.71451432 0.50944181
 0.08134791 0.64476005 0.64669694 0.71099991 0.04613731 0.69824642
 0.75060139 0.64240716 0.64554045 0.77748094 0.67953873 0.7011064
 0.80651329 0.71360817 0.81865577 0.90169976 0.57844418 0.76253702
 0.65795682 0.7223805  0.32677296 0.66926622 0.6931763  0.80224037
 0.73980478 0.73261584 0.71257126 0.54309135 0.78373569 0.39309708
 0.69021225 0.58191748 0.59613624 0.60914669]

====epoch 43
====Evaluation
[0.64219021 0.5819467  0.62341101 0.70704518 0.70191124 0.59486438
 0.59721378 0.74877518 0.65168698 0.72305682 0.04314137 0.61383019
 0.74761869 0.66415474 0.6547448  0.71101729 0.59838181 0.67336481
 0.78918519 0.67606821 0.82673185 0.77946868 0.62531155 0.69419894
 0.60942684 0.75501256 0.55750918 0.72929221 0.73548998 0.7257814
 0.72338355 0.79024018 0.70478932 0.59668511 0.77286502 0.50056998
 0.66428789 0.5877771  0.77746987 0.62420957]
[0.65685307 0.55454336 0.63535761 0.73175523 0.70887897 0.52502543
 0.58107832 0.65530774 0.73279638 0.67609967 0.04290725 0.69799653
 0.74453667 0.63695786 0.65427299 0.77811072 0.68116336 0.71370281
 0.77607644 0.7324597  0.81179724 0.90602421 0.52716647 0.69791848
 0.62241104 0.68597857 0.45256409 0.71312007 0.69792895 0.78839055
 0.74595179 0.78233768 0.66889024 0.51378705 0.83250724 0.4418553
 0.65253487 0.5746548  0.54417327 0.58653786]

====epoch 44
====Evaluation
[0.63667287 0.5759792  0.62534226 0.68773057 0.70594194 0.56190472
 0.0418075  0.74104902 0.59793978 0.73998623 0.07399857 0.61486814
 0.75142931 0.67078057 0.67890729 0.71792774 0.60313146 0.65659928
 0.74679539 0.67853999 0.81232879 0.80142434 0.65953418 0.70241819
 0.59065628 0.76023811 0.40165133 0.75673676 0.73054523 0.75645892
 0.78318268 0.79143651 0.72021794 0.63096718 0.71150601 0.52611534
 0.681265   0.60344842 0.80247545 0.63450838]
[0.65689182 0.55266771 0.63295728 0.72461092 0.70864543 0.4771319
 0.01208986 0.64512797 0.68146059 0.70048712 0.07698721 0.69200832
 0.75839327 0.64799021 0.65670822 0.76121858 0.67497571 0.70089643
 0.72560803 0.73559018 0.80697678 0.9237724  0.59272068 0.68526466
 0.61571047 0.70140294 0.28955646 0.73291692 0.67821956 0.80099485
 0.78042204 0.79660376 0.69077926 0.54488203 0.73041195 0.40356293
 0.64883566 0.58880259 0.54345648 0.61830055]

====epoch 45
====Evaluation
[0.63575538 0.57876259 0.63397443 0.70087868 0.69106773 0.60240675
 0.45245795 0.74974735 0.66835603 0.69310451 0.05813405 0.61132313
 0.74148585 0.63897377 0.67911147 0.69880311 0.60284827 0.64489771
 0.771949   0.67308973 0.83410206 0.79097655 0.63141561 0.71331222
 0.65080173 0.76764127 0.39481197 0.71109847 0.73934912 0.73259592
 0.75760346 0.78706598 0.74031157 0.62256169 0.75439468 0.48287476
 0.68164018 0.59926913 0.79909984 0.5919362 ]
[0.65107293 0.56110614 0.64164828 0.72977047 0.69900226 0.52682496
 0.38627322 0.64859918 0.70326923 0.63866157 0.058707   0.68964512
 0.74633429 0.62008868 0.67598266 0.76571336 0.67245128 0.71050273
 0.75657349 0.72844657 0.82054778 0.92269734 0.51998388 0.71208585
 0.66497134 0.71508769 0.28269894 0.7264433  0.69659831 0.79621871
 0.76882524 0.77576645 0.71486052 0.53528736 0.7790073  0.40218345
 0.66852335 0.55244337 0.59219821 0.56375411]

====epoch 46
====Evaluation
[0.63674097 0.57880046 0.60435184 0.68953138 0.68935335 0.59071278
 0.02502128 0.73001164 0.65953813 0.70786569 0.09442416 0.59601023
 0.75082278 0.68766969 0.68870067 0.68019189 0.5732233  0.69288424
 0.73067638 0.62368494 0.81063648 0.79022596 0.6145977  0.71457734
 0.61849697 0.77278236 0.3464976  0.70556976 0.68473103 0.74776717
 0.75978528 0.75745872 0.70848752 0.61042655 0.70387352 0.46542999
 0.65620579 0.55319604 0.83875167 0.62590753]
[0.65024267 0.55120355 0.6130998  0.71531632 0.71257197 0.51267693
 0.00568306 0.6389191  0.72348949 0.65703897 0.09484058 0.6767262
 0.75301242 0.67232173 0.67572919 0.73684984 0.65355403 0.71632546
 0.75260006 0.69541177 0.7812825  0.9100339  0.44249093 0.72035248
 0.65297624 0.72655797 0.22606237 0.70460582 0.63403574 0.79034612
 0.73994707 0.75101529 0.66777441 0.56326074 0.7457843  0.39963382
 0.66142056 0.55759439 0.59121371 0.59999282]

====epoch 47
====Evaluation
[0.64459674 0.58423908 0.61767063 0.69937387 0.67180714 0.58579379
 0.39967781 0.7638299  0.60094743 0.70597908 0.07569743 0.62591928
 0.77372934 0.64137634 0.66209094 0.7115307  0.60296991 0.67117581
 0.74599636 0.66559643 0.81950359 0.79855004 0.65669691 0.70745432
 0.62771255 0.8137458  0.36993604 0.73772521 0.75121554 0.73562231
 0.77288658 0.81089899 0.73263894 0.58576568 0.70942366 0.41674007
 0.69195385 0.5876277  0.77550774 0.6345528 ]
[0.66530941 0.56964138 0.63101914 0.71995827 0.68487781 0.51081075
 0.34670067 0.64528184 0.68611985 0.66851142 0.076984   0.69876163
 0.77592814 0.62203658 0.6741567  0.78201428 0.67622699 0.69212195
 0.7235897  0.71755266 0.81872707 0.91461017 0.51218057 0.6971868
 0.64436506 0.7766846  0.27730589 0.7149151  0.71158974 0.78847097
 0.77705683 0.7857114  0.70665555 0.55922565 0.74533659 0.38339285
 0.67835052 0.56463592 0.56770644 0.64303078]

====epoch 48
====Evaluation
[0.63856028 0.55364092 0.6240041  0.69996442 0.68639973 0.59869322
 0.30035461 0.73899581 0.61051291 0.66739524 0.0427692  0.5841822
 0.74118843 0.70086433 0.64686397 0.68313484 0.60347357 0.67155409
 0.7489156  0.63231181 0.8299819  0.77623154 0.63521476 0.73131628
 0.65235325 0.78051969 0.32898559 0.70079355 0.68733212 0.71153659
 0.65139394 0.73830733 0.72034653 0.56351974 0.7254025  0.44566212
 0.63539867 0.5928407  0.81342992 0.61962851]
[0.65492802 0.56456983 0.63072058 0.72571263 0.69503083 0.50828598
 0.21737948 0.63121648 0.68951357 0.60303803 0.04292435 0.66518633
 0.72105561 0.68351355 0.65252906 0.74986413 0.69603184 0.67381385
 0.77462213 0.70718833 0.80870533 0.91908475 0.51929867 0.73828926
 0.65095575 0.7299603  0.25905103 0.69057307 0.66348089 0.79477116
 0.68246108 0.74890383 0.70525167 0.53579552 0.79751362 0.38458318
 0.67858399 0.55235437 0.59858024 0.5692572 ]

====epoch 49
====Evaluation
[0.6462421  0.58810894 0.62409651 0.71013572 0.67605739 0.604005
 0.04941844 0.76786355 0.63041421 0.72326402 0.08497396 0.6632071
 0.76760235 0.65604018 0.68710247 0.69869767 0.63398233 0.68085482
 0.76175592 0.68447584 0.83160231 0.7905888  0.63644283 0.72217134
 0.64469264 0.76236798 0.34006174 0.71482366 0.7467881  0.72120719
 0.78739394 0.81319807 0.72600933 0.64150705 0.74510025 0.46535226
 0.68775647 0.57559459 0.82366835 0.62631133]
[0.6729662  0.57395532 0.63004942 0.72648177 0.68229246 0.53517627
 0.01100182 0.65506779 0.70437722 0.6725485  0.08297847 0.70879906
 0.78629874 0.62459662 0.68090382 0.799292   0.6944697  0.72159903
 0.76189501 0.7417923  0.80742196 0.91726877 0.59367997 0.71896055
 0.62949732 0.7117682  0.2546449  0.70394482 0.69494801 0.80627508
 0.80187256 0.77089941 0.69527289 0.58339988 0.80224491 0.41548642
 0.64054882 0.57701996 0.62462649 0.62471408]

====epoch 50
====Evaluation
[0.63911762 0.59061562 0.61922407 0.71149399 0.70029496 0.58121303
 0.09224316 0.75367854 0.5914731  0.68861049 0.06839061 0.64231523
 0.75508147 0.61699362 0.6585464  0.67220534 0.6856564  0.63123916
 0.78864359 0.69578806 0.82926663 0.79499274 0.66448881 0.76469509
 0.68227186 0.75271743 0.39347032 0.71430437 0.74731998 0.75427662
 0.77029957 0.82593278 0.72989565 0.62983398 0.72963212 0.39776672
 0.67546527 0.57803352 0.77792553 0.63671714]
[0.65428271 0.57348047 0.6314854  0.75539847 0.70922292 0.50695387
 0.03671645 0.67831581 0.68574535 0.64192929 0.07215244 0.70467272
 0.77682067 0.57370103 0.65760783 0.77697601 0.74609074 0.66765193
 0.78972421 0.7436851  0.81801061 0.92928814 0.61337364 0.73079678
 0.65820798 0.71185696 0.3864276  0.73049727 0.73767234 0.82766081
 0.77362759 0.82962167 0.72112796 0.58205687 0.77148865 0.38188728
 0.63707095 0.60725189 0.55919996 0.60094813]


