num layer: 5 mask rate: 0.150000
BioDataset(306925)
====epoch 1
0.24626828324953848 0.9348524427926629
====epoch 2
0.16748817208486363 0.9464655024524482
====epoch 3
0.15693101769094173 0.9487447266338638
====epoch 4
0.149061406641776 0.9503570721730826
====epoch 5
0.1463935783410987 0.9513314960886584
====epoch 6
0.14286795885514178 0.952529232633896
====epoch 7
0.14080185472990098 0.9530927760085368
====epoch 8
0.1525932939364276 0.9512563385433913
====epoch 9
0.1424396909630428 0.9527196728426895
====epoch 10
0.1381048714436025 0.9540427206522144
====epoch 11
0.1363369422880086 0.9545068282655779
====epoch 12
0.13567899794529834 0.9546657726594462
====epoch 13
0.15303026388295995 0.9515272913054825
====epoch 14
0.13672201749903645 0.95449959477539
====epoch 15
0.13428519125577307 0.9551340569860554
====epoch 16
0.1539862494514921 0.9530722108978391
====epoch 17
0.15424841078770368 0.9507603332164264
====epoch 18
0.13645369388020168 0.9545863762572495
====epoch 19
0.1337178771798068 0.9553559551358771
====epoch 20
0.13260451639016735 0.9556038169796766
====epoch 21
0.1319420195376505 0.9558385800144246
====epoch 22
0.1311236201623164 0.9560555509592956
====epoch 23
0.13093340961111893 0.9561002664284733
====epoch 24
0.13287540643263898 0.9556626990169077
====epoch 25
0.13006466042383996 0.9564169895971454
====epoch 26
0.12954498045736795 0.9565473431151535
====epoch 27
0.1292609131838303 0.9566522423797229
====epoch 28
0.12880041349595342 0.9567663469677803
====epoch 29
0.12840744237212762 0.9568901898324043
====epoch 30
0.12795419810810518 0.9569853726116015
====epoch 31
0.12757894503041245 0.9571499284180962
====epoch 32
0.1272087394694073 0.9572892662324426
====epoch 33
0.12691623442266461 0.9572928563056463
====epoch 34
0.126648176756623 0.9574595686090214
====epoch 35
0.1261628694813683 0.9575995448343309
====epoch 36
0.12693306134455992 0.9574072618309326
====epoch 37
0.12568239011398646 0.9577608128683351
====epoch 38
0.12525984714486582 0.9578112694592379
====epoch 39
0.12510520148341908 0.9579221679102511
====epoch 40
0.12473260572768928 0.9580504193845593
====epoch 41
0.12433305689078554 0.9581737368226207
====epoch 42
0.12447744328295618 0.9580996763858148
====epoch 43
0.1242258751872085 0.9581115758808665
====epoch 44
0.12392190323709149 0.9582863846951469
====epoch 45
0.12371989125828628 0.9583546188413669
====epoch 46
0.12332038038268102 0.9584982859436046
====epoch 47
0.12481123054892546 0.9581571471524344
====epoch 48
0.12389125286588279 0.9583189893084966
====epoch 49
0.134143362047028 0.9559797567526568
====epoch 50
0.12806317588629773 0.9571869565874805
====epoch 51
0.12402885482398741 0.9582520885948584
====epoch 52
0.12311714602396626 0.9585449016492009
====epoch 53
0.12279164271617155 0.9585904097980213
====epoch 54
0.12227001753297818 0.9587140487118853
====epoch 55
0.12243011562748687 0.9587072498050828
====epoch 56
0.12670333447980325 0.9577003867921202
====epoch 57
0.12415579222360186 0.9582133708826219
====epoch 58
0.12236686836340907 0.9587844296510518
====epoch 59
0.12213481907376257 0.9588252320809502
====epoch 60
0.12188202620571707 0.9589125283989538
====epoch 61
0.12192818174469561 0.9588557237648974
====epoch 62
0.12163839283538322 0.9589919326594861
====epoch 63
0.12144375484346648 0.959024357634494
====epoch 64
0.12167088396604903 0.9589279202762437
====epoch 65
0.12145395388048424 0.9590249993281067
====epoch 66
0.12115267717013069 0.9591283118989898
====epoch 67
0.1212855075626596 0.9590920046080794
====epoch 68
0.12109171280993135 0.9591564321430838
====epoch 69
0.12070794878923664 0.9592523391408354
====epoch 70
0.12091912663509888 0.9591620717482665
====epoch 71
0.12071719051675064 0.9592449501490795
====epoch 72
0.12042795936324578 0.9593359553367641
====epoch 73
0.12055061931556418 0.9592202304953111
====epoch 74
0.12033752925551067 0.9593212368582418
====epoch 75
0.1199629649867904 0.9594347870418729
====epoch 76
0.12003807097151441 0.9594053794924382
====epoch 77
0.12009373764578157 0.9593807384587417
====epoch 78
0.13461997738423398 0.9564307628569385
====epoch 79
0.12358933408201685 0.9584807245925216
====epoch 80
0.12091651389233961 0.9591709269760409
====epoch 81
0.12021542584105667 0.9593684896591065
====epoch 82
0.12005612523208765 0.959464709017689
====epoch 83
0.1199163637489851 0.9595092068885605
====epoch 84
0.11974817093110661 0.959479749159148
====epoch 85
0.11959586793353301 0.959552756475418
====epoch 86
0.12247504663029941 0.9587024787093786
====epoch 87
0.1198372454184408 0.9595345193813728
====epoch 88
0.1193277360537432 0.9596782653194624
====epoch 89
0.11949320878209026 0.9595613958066987
====epoch 90
0.12148825392388025 0.9592065591599306
====epoch 91
0.1195887957231217 0.959608156080159
====epoch 92
0.11930244679471867 0.9596899738448794
====epoch 93
0.11909070888765659 0.9597059660999882
====epoch 94
0.11934956248921091 0.9596845665167792
====epoch 95
0.11897111063305789 0.9597424132930409
====epoch 96
0.11907372941838591 0.9597391187082016
====epoch 97
0.11894540721123371 0.9597482160796789
====epoch 98
0.11876371875094612 0.9598392858653151
====epoch 99
0.11891731690053049 0.95983802258351
====epoch 100
0.118617099142005 0.9598606073439544

